<?xml version="1.0" encoding="UTF-8"?>
<testsuites name="Unimicron Pegasus API" tests="25" time="2.785">
  <testsuite name="Automated Scenario Tests / Functional - MeterSum / MS-F-01 - Day comparison by selected days" id="90e7d0f9-09bf-4ef4-8011-93b839b9185c" timestamp="2026-05-05T05:14:58.319Z" tests="9" failures="0" errors="0" time="0.544">
    <testcase name="MS-F-01 - request completed and returned a response code" time="0.544" classname="AutomatedScenarioTestsFunctionalMeterSumMsF01DayComparisonBySelectedDays"/>
    <testcase name="MS-F-01 - no HTTP 500 server error" time="0.544" classname="AutomatedScenarioTestsFunctionalMeterSumMsF01DayComparisonBySelectedDays"/>
    <testcase name="MS-F-01 - HTTP status is success" time="0.544" classname="AutomatedScenarioTestsFunctionalMeterSumMsF01DayComparisonBySelectedDays"/>
    <testcase name="MS-F-01 - response is a JSON object" time="0.544" classname="AutomatedScenarioTestsFunctionalMeterSumMsF01DayComparisonBySelectedDays"/>
    <testcase name="MS-F-01 - MeterCompare response has chart dictionaries and categories" time="0.544" classname="AutomatedScenarioTestsFunctionalMeterSumMsF01DayComparisonBySelectedDays"/>
    <testcase name="MS-F-01 - response dictionary keys match expected scenario keys" time="0.544" classname="AutomatedScenarioTestsFunctionalMeterSumMsF01DayComparisonBySelectedDays"/>
    <testcase name="MS-F-01 - data arrays align with ArrCategories" time="0.544" classname="AutomatedScenarioTestsFunctionalMeterSumMsF01DayComparisonBySelectedDays"/>
    <testcase name="MS-F-01 - max values are not lower than returned data" time="0.544" classname="AutomatedScenarioTestsFunctionalMeterSumMsF01DayComparisonBySelectedDays"/>
    <testcase name="MS-F-01 - ArrCategories length matches scenario interval" time="0.544" classname="AutomatedScenarioTestsFunctionalMeterSumMsF01DayComparisonBySelectedDays"/>
  </testsuite>
  <testsuite name="Automated Scenario Tests / Functional - MeterSum / MS-F-02 - Week comparison by selected week ranges" id="adee1e0f-ad39-4956-9ca7-fd724fcea936" timestamp="2026-05-05T05:14:58.319Z" tests="8" failures="0" errors="0" time="0.104">
    <testcase name="MS-F-02 - request completed and returned a response code" time="0.104" classname="AutomatedScenarioTestsFunctionalMeterSumMsF02WeekComparisonBySelectedWeekRanges"/>
    <testcase name="MS-F-02 - no HTTP 500 server error" time="0.104" classname="AutomatedScenarioTestsFunctionalMeterSumMsF02WeekComparisonBySelectedWeekRanges"/>
    <testcase name="MS-F-02 - HTTP status is success" time="0.104" classname="AutomatedScenarioTestsFunctionalMeterSumMsF02WeekComparisonBySelectedWeekRanges"/>
    <testcase name="MS-F-02 - response is a JSON object" time="0.104" classname="AutomatedScenarioTestsFunctionalMeterSumMsF02WeekComparisonBySelectedWeekRanges"/>
    <testcase name="MS-F-02 - MeterCompare response has chart dictionaries and categories" time="0.104" classname="AutomatedScenarioTestsFunctionalMeterSumMsF02WeekComparisonBySelectedWeekRanges"/>
    <testcase name="MS-F-02 - response dictionary keys match expected scenario keys" time="0.104" classname="AutomatedScenarioTestsFunctionalMeterSumMsF02WeekComparisonBySelectedWeekRanges"/>
    <testcase name="MS-F-02 - data arrays align with ArrCategories" time="0.104" classname="AutomatedScenarioTestsFunctionalMeterSumMsF02WeekComparisonBySelectedWeekRanges"/>
    <testcase name="MS-F-02 - max values are not lower than returned data" time="0.104" classname="AutomatedScenarioTestsFunctionalMeterSumMsF02WeekComparisonBySelectedWeekRanges"/>
  </testsuite>
  <testsuite name="Automated Scenario Tests / Functional - MeterSum / MS-F-03 - Month comparison by selected months" id="72089a47-caec-4adf-829d-2d6928d7d735" timestamp="2026-05-05T05:14:58.319Z" tests="8" failures="0" errors="0" time="0.314">
    <testcase name="MS-F-03 - request completed and returned a response code" time="0.314" classname="AutomatedScenarioTestsFunctionalMeterSumMsF03MonthComparisonBySelectedMonths"/>
    <testcase name="MS-F-03 - no HTTP 500 server error" time="0.314" classname="AutomatedScenarioTestsFunctionalMeterSumMsF03MonthComparisonBySelectedMonths"/>
    <testcase name="MS-F-03 - HTTP status is success" time="0.314" classname="AutomatedScenarioTestsFunctionalMeterSumMsF03MonthComparisonBySelectedMonths"/>
    <testcase name="MS-F-03 - response is a JSON object" time="0.314" classname="AutomatedScenarioTestsFunctionalMeterSumMsF03MonthComparisonBySelectedMonths"/>
    <testcase name="MS-F-03 - MeterCompare response has chart dictionaries and categories" time="0.314" classname="AutomatedScenarioTestsFunctionalMeterSumMsF03MonthComparisonBySelectedMonths"/>
    <testcase name="MS-F-03 - response dictionary keys match expected scenario keys" time="0.314" classname="AutomatedScenarioTestsFunctionalMeterSumMsF03MonthComparisonBySelectedMonths"/>
    <testcase name="MS-F-03 - data arrays align with ArrCategories" time="0.314" classname="AutomatedScenarioTestsFunctionalMeterSumMsF03MonthComparisonBySelectedMonths"/>
    <testcase name="MS-F-03 - max values are not lower than returned data" time="0.314" classname="AutomatedScenarioTestsFunctionalMeterSumMsF03MonthComparisonBySelectedMonths"/>
  </testsuite>
  <testsuite name="Automated Scenario Tests / Functional - MeterSum / MS-F-04 - Year comparison by selected years" id="05679601-487d-48ec-82c0-26ea83ca6adf" timestamp="2026-05-05T05:14:58.319Z" tests="8" failures="0" errors="0" time="0.140">
    <testcase name="MS-F-04 - request completed and returned a response code" time="0.140" classname="AutomatedScenarioTestsFunctionalMeterSumMsF04YearComparisonBySelectedYears"/>
    <testcase name="MS-F-04 - no HTTP 500 server error" time="0.140" classname="AutomatedScenarioTestsFunctionalMeterSumMsF04YearComparisonBySelectedYears"/>
    <testcase name="MS-F-04 - HTTP status is success" time="0.140" classname="AutomatedScenarioTestsFunctionalMeterSumMsF04YearComparisonBySelectedYears"/>
    <testcase name="MS-F-04 - response is a JSON object" time="0.140" classname="AutomatedScenarioTestsFunctionalMeterSumMsF04YearComparisonBySelectedYears"/>
    <testcase name="MS-F-04 - MeterCompare response has chart dictionaries and categories" time="0.140" classname="AutomatedScenarioTestsFunctionalMeterSumMsF04YearComparisonBySelectedYears"/>
    <testcase name="MS-F-04 - response dictionary keys match expected scenario keys" time="0.140" classname="AutomatedScenarioTestsFunctionalMeterSumMsF04YearComparisonBySelectedYears"/>
    <testcase name="MS-F-04 - data arrays align with ArrCategories" time="0.140" classname="AutomatedScenarioTestsFunctionalMeterSumMsF04YearComparisonBySelectedYears"/>
    <testcase name="MS-F-04 - max values are not lower than returned data" time="0.140" classname="AutomatedScenarioTestsFunctionalMeterSumMsF04YearComparisonBySelectedYears"/>
  </testsuite>
  <testsuite name="Automated Scenario Tests / Functional - MeterSum / MS-F-05 - Max10Year comparison across ten years" id="12163ca9-331a-4d7e-8175-4c81ed41995d" timestamp="2026-05-05T05:14:58.319Z" tests="8" failures="0" errors="0" time="0.070">
    <testcase name="MS-F-05 - request completed and returned a response code" time="0.070" classname="AutomatedScenarioTestsFunctionalMeterSumMsF05Max10YearComparisonAcrossTenYears"/>
    <testcase name="MS-F-05 - no HTTP 500 server error" time="0.070" classname="AutomatedScenarioTestsFunctionalMeterSumMsF05Max10YearComparisonAcrossTenYears"/>
    <testcase name="MS-F-05 - HTTP status is success" time="0.070" classname="AutomatedScenarioTestsFunctionalMeterSumMsF05Max10YearComparisonAcrossTenYears"/>
    <testcase name="MS-F-05 - response is a JSON object" time="0.070" classname="AutomatedScenarioTestsFunctionalMeterSumMsF05Max10YearComparisonAcrossTenYears"/>
    <testcase name="MS-F-05 - MeterCompare response has chart dictionaries and categories" time="0.070" classname="AutomatedScenarioTestsFunctionalMeterSumMsF05Max10YearComparisonAcrossTenYears"/>
    <testcase name="MS-F-05 - response dictionary keys match expected scenario keys" time="0.070" classname="AutomatedScenarioTestsFunctionalMeterSumMsF05Max10YearComparisonAcrossTenYears"/>
    <testcase name="MS-F-05 - data arrays align with ArrCategories" time="0.070" classname="AutomatedScenarioTestsFunctionalMeterSumMsF05Max10YearComparisonAcrossTenYears"/>
    <testcase name="MS-F-05 - max values are not lower than returned data" time="0.070" classname="AutomatedScenarioTestsFunctionalMeterSumMsF05Max10YearComparisonAcrossTenYears"/>
  </testsuite>
  <testsuite name="Automated Scenario Tests / Functional - Multimeter / MM-F-01 - Day data for multiple meters" id="c79d767d-426d-4778-b7f1-2c949da08cd8" timestamp="2026-05-05T05:14:58.319Z" tests="9" failures="0" errors="0" time="0.141">
    <testcase name="MM-F-01 - request completed and returned a response code" time="0.141" classname="AutomatedScenarioTestsFunctionalMultimeterMmF01DayDataForMultipleMeters"/>
    <testcase name="MM-F-01 - no HTTP 500 server error" time="0.141" classname="AutomatedScenarioTestsFunctionalMultimeterMmF01DayDataForMultipleMeters"/>
    <testcase name="MM-F-01 - HTTP status is success" time="0.141" classname="AutomatedScenarioTestsFunctionalMultimeterMmF01DayDataForMultipleMeters"/>
    <testcase name="MM-F-01 - response is a JSON object" time="0.141" classname="AutomatedScenarioTestsFunctionalMultimeterMmF01DayDataForMultipleMeters"/>
    <testcase name="MM-F-01 - MeterCompare response has chart dictionaries and categories" time="0.141" classname="AutomatedScenarioTestsFunctionalMultimeterMmF01DayDataForMultipleMeters"/>
    <testcase name="MM-F-01 - response dictionary keys match expected scenario keys" time="0.141" classname="AutomatedScenarioTestsFunctionalMultimeterMmF01DayDataForMultipleMeters"/>
    <testcase name="MM-F-01 - data arrays align with ArrCategories" time="0.141" classname="AutomatedScenarioTestsFunctionalMultimeterMmF01DayDataForMultipleMeters"/>
    <testcase name="MM-F-01 - max values are not lower than returned data" time="0.141" classname="AutomatedScenarioTestsFunctionalMultimeterMmF01DayDataForMultipleMeters"/>
    <testcase name="MM-F-01 - ArrCategories length matches scenario interval" time="0.141" classname="AutomatedScenarioTestsFunctionalMultimeterMmF01DayDataForMultipleMeters"/>
  </testsuite>
  <testsuite name="Automated Scenario Tests / Functional - Multimeter / MM-F-02 - Week data for multiple meters" id="e432613e-3490-402d-9b14-14a1606f21ee" timestamp="2026-05-05T05:14:58.319Z" tests="8" failures="0" errors="0" time="0.102">
    <testcase name="MM-F-02 - request completed and returned a response code" time="0.102" classname="AutomatedScenarioTestsFunctionalMultimeterMmF02WeekDataForMultipleMeters"/>
    <testcase name="MM-F-02 - no HTTP 500 server error" time="0.102" classname="AutomatedScenarioTestsFunctionalMultimeterMmF02WeekDataForMultipleMeters"/>
    <testcase name="MM-F-02 - HTTP status is success" time="0.102" classname="AutomatedScenarioTestsFunctionalMultimeterMmF02WeekDataForMultipleMeters"/>
    <testcase name="MM-F-02 - response is a JSON object" time="0.102" classname="AutomatedScenarioTestsFunctionalMultimeterMmF02WeekDataForMultipleMeters"/>
    <testcase name="MM-F-02 - MeterCompare response has chart dictionaries and categories" time="0.102" classname="AutomatedScenarioTestsFunctionalMultimeterMmF02WeekDataForMultipleMeters"/>
    <testcase name="MM-F-02 - response dictionary keys match expected scenario keys" time="0.102" classname="AutomatedScenarioTestsFunctionalMultimeterMmF02WeekDataForMultipleMeters"/>
    <testcase name="MM-F-02 - data arrays align with ArrCategories" time="0.102" classname="AutomatedScenarioTestsFunctionalMultimeterMmF02WeekDataForMultipleMeters"/>
    <testcase name="MM-F-02 - max values are not lower than returned data" time="0.102" classname="AutomatedScenarioTestsFunctionalMultimeterMmF02WeekDataForMultipleMeters"/>
  </testsuite>
  <testsuite name="Automated Scenario Tests / Functional - Multimeter / MM-F-03 - Month data for multiple meters" id="2f372d4e-1be4-41c4-a14c-c160d870f6ff" timestamp="2026-05-05T05:14:58.319Z" tests="8" failures="0" errors="0" time="0.164">
    <testcase name="MM-F-03 - request completed and returned a response code" time="0.164" classname="AutomatedScenarioTestsFunctionalMultimeterMmF03MonthDataForMultipleMeters"/>
    <testcase name="MM-F-03 - no HTTP 500 server error" time="0.164" classname="AutomatedScenarioTestsFunctionalMultimeterMmF03MonthDataForMultipleMeters"/>
    <testcase name="MM-F-03 - HTTP status is success" time="0.164" classname="AutomatedScenarioTestsFunctionalMultimeterMmF03MonthDataForMultipleMeters"/>
    <testcase name="MM-F-03 - response is a JSON object" time="0.164" classname="AutomatedScenarioTestsFunctionalMultimeterMmF03MonthDataForMultipleMeters"/>
    <testcase name="MM-F-03 - MeterCompare response has chart dictionaries and categories" time="0.164" classname="AutomatedScenarioTestsFunctionalMultimeterMmF03MonthDataForMultipleMeters"/>
    <testcase name="MM-F-03 - response dictionary keys match expected scenario keys" time="0.164" classname="AutomatedScenarioTestsFunctionalMultimeterMmF03MonthDataForMultipleMeters"/>
    <testcase name="MM-F-03 - data arrays align with ArrCategories" time="0.164" classname="AutomatedScenarioTestsFunctionalMultimeterMmF03MonthDataForMultipleMeters"/>
    <testcase name="MM-F-03 - max values are not lower than returned data" time="0.164" classname="AutomatedScenarioTestsFunctionalMultimeterMmF03MonthDataForMultipleMeters"/>
  </testsuite>
  <testsuite name="Automated Scenario Tests / Functional - Multimeter / MM-F-04 - Year data for multiple meters" id="9146899b-41f6-466f-a08c-108ff7bc3b2b" timestamp="2026-05-05T05:14:58.319Z" tests="8" failures="0" errors="0" time="0.115">
    <testcase name="MM-F-04 - request completed and returned a response code" time="0.115" classname="AutomatedScenarioTestsFunctionalMultimeterMmF04YearDataForMultipleMeters"/>
    <testcase name="MM-F-04 - no HTTP 500 server error" time="0.115" classname="AutomatedScenarioTestsFunctionalMultimeterMmF04YearDataForMultipleMeters"/>
    <testcase name="MM-F-04 - HTTP status is success" time="0.115" classname="AutomatedScenarioTestsFunctionalMultimeterMmF04YearDataForMultipleMeters"/>
    <testcase name="MM-F-04 - response is a JSON object" time="0.115" classname="AutomatedScenarioTestsFunctionalMultimeterMmF04YearDataForMultipleMeters"/>
    <testcase name="MM-F-04 - MeterCompare response has chart dictionaries and categories" time="0.115" classname="AutomatedScenarioTestsFunctionalMultimeterMmF04YearDataForMultipleMeters"/>
    <testcase name="MM-F-04 - response dictionary keys match expected scenario keys" time="0.115" classname="AutomatedScenarioTestsFunctionalMultimeterMmF04YearDataForMultipleMeters"/>
    <testcase name="MM-F-04 - data arrays align with ArrCategories" time="0.115" classname="AutomatedScenarioTestsFunctionalMultimeterMmF04YearDataForMultipleMeters"/>
    <testcase name="MM-F-04 - max values are not lower than returned data" time="0.115" classname="AutomatedScenarioTestsFunctionalMultimeterMmF04YearDataForMultipleMeters"/>
  </testsuite>
  <testsuite name="Automated Scenario Tests / Functional - Multimeter / MM-F-05 - Max10Year data for multiple meters" id="c7bf21ea-f8d7-480f-a5bb-9be3184f9fc5" timestamp="2026-05-05T05:14:58.319Z" tests="8" failures="0" errors="0" time="0.113">
    <testcase name="MM-F-05 - request completed and returned a response code" time="0.113" classname="AutomatedScenarioTestsFunctionalMultimeterMmF05Max10YearDataForMultipleMeters"/>
    <testcase name="MM-F-05 - no HTTP 500 server error" time="0.113" classname="AutomatedScenarioTestsFunctionalMultimeterMmF05Max10YearDataForMultipleMeters"/>
    <testcase name="MM-F-05 - HTTP status is success" time="0.113" classname="AutomatedScenarioTestsFunctionalMultimeterMmF05Max10YearDataForMultipleMeters"/>
    <testcase name="MM-F-05 - response is a JSON object" time="0.113" classname="AutomatedScenarioTestsFunctionalMultimeterMmF05Max10YearDataForMultipleMeters"/>
    <testcase name="MM-F-05 - MeterCompare response has chart dictionaries and categories" time="0.113" classname="AutomatedScenarioTestsFunctionalMultimeterMmF05Max10YearDataForMultipleMeters"/>
    <testcase name="MM-F-05 - response dictionary keys match expected scenario keys" time="0.113" classname="AutomatedScenarioTestsFunctionalMultimeterMmF05Max10YearDataForMultipleMeters"/>
    <testcase name="MM-F-05 - data arrays align with ArrCategories" time="0.113" classname="AutomatedScenarioTestsFunctionalMultimeterMmF05Max10YearDataForMultipleMeters"/>
    <testcase name="MM-F-05 - max values are not lower than returned data" time="0.113" classname="AutomatedScenarioTestsFunctionalMultimeterMmF05Max10YearDataForMultipleMeters"/>
  </testsuite>
  <testsuite name="Automated Scenario Tests / Functional - MeterDetail / MD-F-01 - Day detail chart" id="dde10743-732c-4aaa-ab83-d79cf8f2d2e3" timestamp="2026-05-05T05:14:58.319Z" tests="9" failures="0" errors="0" time="0.087">
    <testcase name="MD-F-01 - request completed and returned a response code" time="0.087" classname="AutomatedScenarioTestsFunctionalMeterDetailMdF01DayDetailChart"/>
    <testcase name="MD-F-01 - no HTTP 500 server error" time="0.087" classname="AutomatedScenarioTestsFunctionalMeterDetailMdF01DayDetailChart"/>
    <testcase name="MD-F-01 - HTTP status is success" time="0.087" classname="AutomatedScenarioTestsFunctionalMeterDetailMdF01DayDetailChart"/>
    <testcase name="MD-F-01 - response is a JSON object" time="0.087" classname="AutomatedScenarioTestsFunctionalMeterDetailMdF01DayDetailChart"/>
    <testcase name="MD-F-01 - MeterDetail response has chart structure" time="0.087" classname="AutomatedScenarioTestsFunctionalMeterDetailMdF01DayDetailChart"/>
    <testcase name="MD-F-01 - each chart series is a bar series with valid data" time="0.087" classname="AutomatedScenarioTestsFunctionalMeterDetailMdF01DayDetailChart"/>
    <testcase name="MD-F-01 - stroke chart length matches chart series length" time="0.087" classname="AutomatedScenarioTestsFunctionalMeterDetailMdF01DayDetailChart"/>
    <testcase name="MD-F-01 - MeterLabelMap contains selected meter IDs" time="0.087" classname="AutomatedScenarioTestsFunctionalMeterDetailMdF01DayDetailChart"/>
    <testcase name="MD-F-01 - ArrCategories length matches scenario interval" time="0.087" classname="AutomatedScenarioTestsFunctionalMeterDetailMdF01DayDetailChart"/>
  </testsuite>
  <testsuite name="Automated Scenario Tests / Functional - MeterDetail / MD-F-02 - Week detail chart" id="b2b538f0-f99d-4d28-b6f4-e7724c0a8514" timestamp="2026-05-05T05:14:58.319Z" tests="8" failures="0" errors="0" time="0.047">
    <testcase name="MD-F-02 - request completed and returned a response code" time="0.047" classname="AutomatedScenarioTestsFunctionalMeterDetailMdF02WeekDetailChart"/>
    <testcase name="MD-F-02 - no HTTP 500 server error" time="0.047" classname="AutomatedScenarioTestsFunctionalMeterDetailMdF02WeekDetailChart"/>
    <testcase name="MD-F-02 - HTTP status is success" time="0.047" classname="AutomatedScenarioTestsFunctionalMeterDetailMdF02WeekDetailChart"/>
    <testcase name="MD-F-02 - response is a JSON object" time="0.047" classname="AutomatedScenarioTestsFunctionalMeterDetailMdF02WeekDetailChart"/>
    <testcase name="MD-F-02 - MeterDetail response has chart structure" time="0.047" classname="AutomatedScenarioTestsFunctionalMeterDetailMdF02WeekDetailChart"/>
    <testcase name="MD-F-02 - each chart series is a bar series with valid data" time="0.047" classname="AutomatedScenarioTestsFunctionalMeterDetailMdF02WeekDetailChart"/>
    <testcase name="MD-F-02 - stroke chart length matches chart series length" time="0.047" classname="AutomatedScenarioTestsFunctionalMeterDetailMdF02WeekDetailChart"/>
    <testcase name="MD-F-02 - MeterLabelMap contains selected meter IDs" time="0.047" classname="AutomatedScenarioTestsFunctionalMeterDetailMdF02WeekDetailChart"/>
  </testsuite>
  <testsuite name="Automated Scenario Tests / Functional - MeterDetail / MD-F-03 - Month detail chart" id="3e1469c7-df30-4710-b030-ad40d80a241a" timestamp="2026-05-05T05:14:58.319Z" tests="8" failures="0" errors="0" time="0.029">
    <testcase name="MD-F-03 - request completed and returned a response code" time="0.029" classname="AutomatedScenarioTestsFunctionalMeterDetailMdF03MonthDetailChart"/>
    <testcase name="MD-F-03 - no HTTP 500 server error" time="0.029" classname="AutomatedScenarioTestsFunctionalMeterDetailMdF03MonthDetailChart"/>
    <testcase name="MD-F-03 - HTTP status is success" time="0.029" classname="AutomatedScenarioTestsFunctionalMeterDetailMdF03MonthDetailChart"/>
    <testcase name="MD-F-03 - response is a JSON object" time="0.029" classname="AutomatedScenarioTestsFunctionalMeterDetailMdF03MonthDetailChart"/>
    <testcase name="MD-F-03 - MeterDetail response has chart structure" time="0.029" classname="AutomatedScenarioTestsFunctionalMeterDetailMdF03MonthDetailChart"/>
    <testcase name="MD-F-03 - each chart series is a bar series with valid data" time="0.029" classname="AutomatedScenarioTestsFunctionalMeterDetailMdF03MonthDetailChart"/>
    <testcase name="MD-F-03 - stroke chart length matches chart series length" time="0.029" classname="AutomatedScenarioTestsFunctionalMeterDetailMdF03MonthDetailChart"/>
    <testcase name="MD-F-03 - MeterLabelMap contains selected meter IDs" time="0.029" classname="AutomatedScenarioTestsFunctionalMeterDetailMdF03MonthDetailChart"/>
  </testsuite>
  <testsuite name="Automated Scenario Tests / Functional - MeterDetail / MD-F-04 - Year detail chart" id="4d29298a-8036-4385-b809-695078234b9d" timestamp="2026-05-05T05:14:58.319Z" tests="8" failures="0" errors="0" time="0.068">
    <testcase name="MD-F-04 - request completed and returned a response code" time="0.068" classname="AutomatedScenarioTestsFunctionalMeterDetailMdF04YearDetailChart"/>
    <testcase name="MD-F-04 - no HTTP 500 server error" time="0.068" classname="AutomatedScenarioTestsFunctionalMeterDetailMdF04YearDetailChart"/>
    <testcase name="MD-F-04 - HTTP status is success" time="0.068" classname="AutomatedScenarioTestsFunctionalMeterDetailMdF04YearDetailChart"/>
    <testcase name="MD-F-04 - response is a JSON object" time="0.068" classname="AutomatedScenarioTestsFunctionalMeterDetailMdF04YearDetailChart"/>
    <testcase name="MD-F-04 - MeterDetail response has chart structure" time="0.068" classname="AutomatedScenarioTestsFunctionalMeterDetailMdF04YearDetailChart"/>
    <testcase name="MD-F-04 - each chart series is a bar series with valid data" time="0.068" classname="AutomatedScenarioTestsFunctionalMeterDetailMdF04YearDetailChart"/>
    <testcase name="MD-F-04 - stroke chart length matches chart series length" time="0.068" classname="AutomatedScenarioTestsFunctionalMeterDetailMdF04YearDetailChart"/>
    <testcase name="MD-F-04 - MeterLabelMap contains selected meter IDs" time="0.068" classname="AutomatedScenarioTestsFunctionalMeterDetailMdF04YearDetailChart"/>
  </testsuite>
  <testsuite name="Automated Scenario Tests / Functional - MeterDetail / MD-F-05 - Max10Year detail chart" id="f7504097-730e-44dd-a1e1-71f795aad94f" timestamp="2026-05-05T05:14:58.319Z" tests="8" failures="0" errors="0" time="0.033">
    <testcase name="MD-F-05 - request completed and returned a response code" time="0.033" classname="AutomatedScenarioTestsFunctionalMeterDetailMdF05Max10YearDetailChart"/>
    <testcase name="MD-F-05 - no HTTP 500 server error" time="0.033" classname="AutomatedScenarioTestsFunctionalMeterDetailMdF05Max10YearDetailChart"/>
    <testcase name="MD-F-05 - HTTP status is success" time="0.033" classname="AutomatedScenarioTestsFunctionalMeterDetailMdF05Max10YearDetailChart"/>
    <testcase name="MD-F-05 - response is a JSON object" time="0.033" classname="AutomatedScenarioTestsFunctionalMeterDetailMdF05Max10YearDetailChart"/>
    <testcase name="MD-F-05 - MeterDetail response has chart structure" time="0.033" classname="AutomatedScenarioTestsFunctionalMeterDetailMdF05Max10YearDetailChart"/>
    <testcase name="MD-F-05 - each chart series is a bar series with valid data" time="0.033" classname="AutomatedScenarioTestsFunctionalMeterDetailMdF05Max10YearDetailChart"/>
    <testcase name="MD-F-05 - stroke chart length matches chart series length" time="0.033" classname="AutomatedScenarioTestsFunctionalMeterDetailMdF05Max10YearDetailChart"/>
    <testcase name="MD-F-05 - MeterLabelMap contains selected meter IDs" time="0.033" classname="AutomatedScenarioTestsFunctionalMeterDetailMdF05Max10YearDetailChart"/>
  </testsuite>
  <testsuite name="Automated Scenario Tests / Response Integrity / RF-01 - MeterSum Day keys are time/data-select strings" id="40f90376-18a9-490e-ba9c-4f0753b4bfc5" timestamp="2026-05-05T05:14:58.319Z" tests="9" failures="0" errors="0" time="0.109">
    <testcase name="RF-01 - request completed and returned a response code" time="0.109" classname="AutomatedScenarioTestsResponseIntegrityRf01MeterSumDayKeysAreTimeDataSelectStrings"/>
    <testcase name="RF-01 - no HTTP 500 server error" time="0.109" classname="AutomatedScenarioTestsResponseIntegrityRf01MeterSumDayKeysAreTimeDataSelectStrings"/>
    <testcase name="RF-01 - HTTP status is success" time="0.109" classname="AutomatedScenarioTestsResponseIntegrityRf01MeterSumDayKeysAreTimeDataSelectStrings"/>
    <testcase name="RF-01 - response is a JSON object" time="0.109" classname="AutomatedScenarioTestsResponseIntegrityRf01MeterSumDayKeysAreTimeDataSelectStrings"/>
    <testcase name="RF-01 - MeterCompare response has chart dictionaries and categories" time="0.109" classname="AutomatedScenarioTestsResponseIntegrityRf01MeterSumDayKeysAreTimeDataSelectStrings"/>
    <testcase name="RF-01 - response dictionary keys match expected scenario keys" time="0.109" classname="AutomatedScenarioTestsResponseIntegrityRf01MeterSumDayKeysAreTimeDataSelectStrings"/>
    <testcase name="RF-01 - data arrays align with ArrCategories" time="0.109" classname="AutomatedScenarioTestsResponseIntegrityRf01MeterSumDayKeysAreTimeDataSelectStrings"/>
    <testcase name="RF-01 - max values are not lower than returned data" time="0.109" classname="AutomatedScenarioTestsResponseIntegrityRf01MeterSumDayKeysAreTimeDataSelectStrings"/>
    <testcase name="RF-01 - ArrCategories length matches scenario interval" time="0.109" classname="AutomatedScenarioTestsResponseIntegrityRf01MeterSumDayKeysAreTimeDataSelectStrings"/>
  </testsuite>
  <testsuite name="Automated Scenario Tests / Response Integrity / RF-02 - Multimeter Day keys are meter IDs" id="b57d5db6-3141-4eed-b5ac-28df5eb401a5" timestamp="2026-05-05T05:14:58.319Z" tests="9" failures="0" errors="0" time="0.081">
    <testcase name="RF-02 - request completed and returned a response code" time="0.081" classname="AutomatedScenarioTestsResponseIntegrityRf02MultimeterDayKeysAreMeterIDs"/>
    <testcase name="RF-02 - no HTTP 500 server error" time="0.081" classname="AutomatedScenarioTestsResponseIntegrityRf02MultimeterDayKeysAreMeterIDs"/>
    <testcase name="RF-02 - HTTP status is success" time="0.081" classname="AutomatedScenarioTestsResponseIntegrityRf02MultimeterDayKeysAreMeterIDs"/>
    <testcase name="RF-02 - response is a JSON object" time="0.081" classname="AutomatedScenarioTestsResponseIntegrityRf02MultimeterDayKeysAreMeterIDs"/>
    <testcase name="RF-02 - MeterCompare response has chart dictionaries and categories" time="0.081" classname="AutomatedScenarioTestsResponseIntegrityRf02MultimeterDayKeysAreMeterIDs"/>
    <testcase name="RF-02 - response dictionary keys match expected scenario keys" time="0.081" classname="AutomatedScenarioTestsResponseIntegrityRf02MultimeterDayKeysAreMeterIDs"/>
    <testcase name="RF-02 - data arrays align with ArrCategories" time="0.081" classname="AutomatedScenarioTestsResponseIntegrityRf02MultimeterDayKeysAreMeterIDs"/>
    <testcase name="RF-02 - max values are not lower than returned data" time="0.081" classname="AutomatedScenarioTestsResponseIntegrityRf02MultimeterDayKeysAreMeterIDs"/>
    <testcase name="RF-02 - ArrCategories length matches scenario interval" time="0.081" classname="AutomatedScenarioTestsResponseIntegrityRf02MultimeterDayKeysAreMeterIDs"/>
  </testsuite>
  <testsuite name="Automated Scenario Tests / Response Integrity / RF-03 - MeterSum max values cover Month data" id="55b52399-e8a7-4321-a45c-fc2e45d9e8f9" timestamp="2026-05-05T05:14:58.319Z" tests="8" failures="0" errors="0" time="0.043">
    <testcase name="RF-03 - request completed and returned a response code" time="0.043" classname="AutomatedScenarioTestsResponseIntegrityRf03MeterSumMaxValuesCoverMonthData"/>
    <testcase name="RF-03 - no HTTP 500 server error" time="0.043" classname="AutomatedScenarioTestsResponseIntegrityRf03MeterSumMaxValuesCoverMonthData"/>
    <testcase name="RF-03 - HTTP status is success" time="0.043" classname="AutomatedScenarioTestsResponseIntegrityRf03MeterSumMaxValuesCoverMonthData"/>
    <testcase name="RF-03 - response is a JSON object" time="0.043" classname="AutomatedScenarioTestsResponseIntegrityRf03MeterSumMaxValuesCoverMonthData"/>
    <testcase name="RF-03 - MeterCompare response has chart dictionaries and categories" time="0.043" classname="AutomatedScenarioTestsResponseIntegrityRf03MeterSumMaxValuesCoverMonthData"/>
    <testcase name="RF-03 - response dictionary keys match expected scenario keys" time="0.043" classname="AutomatedScenarioTestsResponseIntegrityRf03MeterSumMaxValuesCoverMonthData"/>
    <testcase name="RF-03 - data arrays align with ArrCategories" time="0.043" classname="AutomatedScenarioTestsResponseIntegrityRf03MeterSumMaxValuesCoverMonthData"/>
    <testcase name="RF-03 - max values are not lower than returned data" time="0.043" classname="AutomatedScenarioTestsResponseIntegrityRf03MeterSumMaxValuesCoverMonthData"/>
  </testsuite>
  <testsuite name="Automated Scenario Tests / Response Integrity / RF-04 - Multimeter max values cover Month data" id="be9c98ce-644a-464f-b282-4289011e5402" timestamp="2026-05-05T05:14:58.319Z" tests="8" failures="0" errors="0" time="0.084">
    <testcase name="RF-04 - request completed and returned a response code" time="0.084" classname="AutomatedScenarioTestsResponseIntegrityRf04MultimeterMaxValuesCoverMonthData"/>
    <testcase name="RF-04 - no HTTP 500 server error" time="0.084" classname="AutomatedScenarioTestsResponseIntegrityRf04MultimeterMaxValuesCoverMonthData"/>
    <testcase name="RF-04 - HTTP status is success" time="0.084" classname="AutomatedScenarioTestsResponseIntegrityRf04MultimeterMaxValuesCoverMonthData"/>
    <testcase name="RF-04 - response is a JSON object" time="0.084" classname="AutomatedScenarioTestsResponseIntegrityRf04MultimeterMaxValuesCoverMonthData"/>
    <testcase name="RF-04 - MeterCompare response has chart dictionaries and categories" time="0.084" classname="AutomatedScenarioTestsResponseIntegrityRf04MultimeterMaxValuesCoverMonthData"/>
    <testcase name="RF-04 - response dictionary keys match expected scenario keys" time="0.084" classname="AutomatedScenarioTestsResponseIntegrityRf04MultimeterMaxValuesCoverMonthData"/>
    <testcase name="RF-04 - data arrays align with ArrCategories" time="0.084" classname="AutomatedScenarioTestsResponseIntegrityRf04MultimeterMaxValuesCoverMonthData"/>
    <testcase name="RF-04 - max values are not lower than returned data" time="0.084" classname="AutomatedScenarioTestsResponseIntegrityRf04MultimeterMaxValuesCoverMonthData"/>
  </testsuite>
  <testsuite name="Automated Scenario Tests / Response Integrity / RF-05 - MeterDetail chart series object structure" id="baa4d3d9-09db-41f9-bdbf-19a8c2c48ef5" timestamp="2026-05-05T05:14:58.319Z" tests="9" failures="0" errors="0" time="0.065">
    <testcase name="RF-05 - request completed and returned a response code" time="0.065" classname="AutomatedScenarioTestsResponseIntegrityRf05MeterDetailChartSeriesObjectStructure"/>
    <testcase name="RF-05 - no HTTP 500 server error" time="0.065" classname="AutomatedScenarioTestsResponseIntegrityRf05MeterDetailChartSeriesObjectStructure"/>
    <testcase name="RF-05 - HTTP status is success" time="0.065" classname="AutomatedScenarioTestsResponseIntegrityRf05MeterDetailChartSeriesObjectStructure"/>
    <testcase name="RF-05 - response is a JSON object" time="0.065" classname="AutomatedScenarioTestsResponseIntegrityRf05MeterDetailChartSeriesObjectStructure"/>
    <testcase name="RF-05 - MeterDetail response has chart structure" time="0.065" classname="AutomatedScenarioTestsResponseIntegrityRf05MeterDetailChartSeriesObjectStructure"/>
    <testcase name="RF-05 - each chart series is a bar series with valid data" time="0.065" classname="AutomatedScenarioTestsResponseIntegrityRf05MeterDetailChartSeriesObjectStructure"/>
    <testcase name="RF-05 - stroke chart length matches chart series length" time="0.065" classname="AutomatedScenarioTestsResponseIntegrityRf05MeterDetailChartSeriesObjectStructure"/>
    <testcase name="RF-05 - MeterLabelMap contains selected meter IDs" time="0.065" classname="AutomatedScenarioTestsResponseIntegrityRf05MeterDetailChartSeriesObjectStructure"/>
    <testcase name="RF-05 - ArrCategories length matches scenario interval" time="0.065" classname="AutomatedScenarioTestsResponseIntegrityRf05MeterDetailChartSeriesObjectStructure"/>
  </testsuite>
  <testsuite name="Automated Scenario Tests / Response Integrity / RF-06 - MeterDetail MeterLabelMap selected IDs" id="41ccba40-00ae-46ce-bb12-63d2479c6138" timestamp="2026-05-05T05:14:58.319Z" tests="8" failures="0" errors="0" time="0.070">
    <testcase name="RF-06 - request completed and returned a response code" time="0.070" classname="AutomatedScenarioTestsResponseIntegrityRf06MeterDetailMeterLabelMapSelectedIDs"/>
    <testcase name="RF-06 - no HTTP 500 server error" time="0.070" classname="AutomatedScenarioTestsResponseIntegrityRf06MeterDetailMeterLabelMapSelectedIDs"/>
    <testcase name="RF-06 - HTTP status is success" time="0.070" classname="AutomatedScenarioTestsResponseIntegrityRf06MeterDetailMeterLabelMapSelectedIDs"/>
    <testcase name="RF-06 - response is a JSON object" time="0.070" classname="AutomatedScenarioTestsResponseIntegrityRf06MeterDetailMeterLabelMapSelectedIDs"/>
    <testcase name="RF-06 - MeterDetail response has chart structure" time="0.070" classname="AutomatedScenarioTestsResponseIntegrityRf06MeterDetailMeterLabelMapSelectedIDs"/>
    <testcase name="RF-06 - each chart series is a bar series with valid data" time="0.070" classname="AutomatedScenarioTestsResponseIntegrityRf06MeterDetailMeterLabelMapSelectedIDs"/>
    <testcase name="RF-06 - stroke chart length matches chart series length" time="0.070" classname="AutomatedScenarioTestsResponseIntegrityRf06MeterDetailMeterLabelMapSelectedIDs"/>
    <testcase name="RF-06 - MeterLabelMap contains selected meter IDs" time="0.070" classname="AutomatedScenarioTestsResponseIntegrityRf06MeterDetailMeterLabelMapSelectedIDs"/>
  </testsuite>
  <testsuite name="Automated Scenario Tests / Response Integrity / RF-07 - MeterDetail stroke length consistency" id="b6df0777-a179-4744-8f8a-5f94632c3385" timestamp="2026-05-05T05:14:58.319Z" tests="8" failures="0" errors="0" time="0.087">
    <testcase name="RF-07 - request completed and returned a response code" time="0.087" classname="AutomatedScenarioTestsResponseIntegrityRf07MeterDetailStrokeLengthConsistency"/>
    <testcase name="RF-07 - no HTTP 500 server error" time="0.087" classname="AutomatedScenarioTestsResponseIntegrityRf07MeterDetailStrokeLengthConsistency"/>
    <testcase name="RF-07 - HTTP status is success" time="0.087" classname="AutomatedScenarioTestsResponseIntegrityRf07MeterDetailStrokeLengthConsistency"/>
    <testcase name="RF-07 - response is a JSON object" time="0.087" classname="AutomatedScenarioTestsResponseIntegrityRf07MeterDetailStrokeLengthConsistency"/>
    <testcase name="RF-07 - MeterDetail response has chart structure" time="0.087" classname="AutomatedScenarioTestsResponseIntegrityRf07MeterDetailStrokeLengthConsistency"/>
    <testcase name="RF-07 - each chart series is a bar series with valid data" time="0.087" classname="AutomatedScenarioTestsResponseIntegrityRf07MeterDetailStrokeLengthConsistency"/>
    <testcase name="RF-07 - stroke chart length matches chart series length" time="0.087" classname="AutomatedScenarioTestsResponseIntegrityRf07MeterDetailStrokeLengthConsistency"/>
    <testcase name="RF-07 - MeterLabelMap contains selected meter IDs" time="0.087" classname="AutomatedScenarioTestsResponseIntegrityRf07MeterDetailStrokeLengthConsistency"/>
  </testsuite>
  <testsuite name="Automated Scenario Tests / Response Integrity / RF-08a - MeterSum Day categories for 5 minute interval" id="a2b63c24-4cad-4db4-8970-6002b6bdbe49" timestamp="2026-05-05T05:14:58.319Z" tests="9" failures="0" errors="0" time="0.052">
    <testcase name="RF-08a - request completed and returned a response code" time="0.052" classname="AutomatedScenarioTestsResponseIntegrityRf08AMeterSumDayCategoriesFor5MinuteInterval"/>
    <testcase name="RF-08a - no HTTP 500 server error" time="0.052" classname="AutomatedScenarioTestsResponseIntegrityRf08AMeterSumDayCategoriesFor5MinuteInterval"/>
    <testcase name="RF-08a - HTTP status is success" time="0.052" classname="AutomatedScenarioTestsResponseIntegrityRf08AMeterSumDayCategoriesFor5MinuteInterval"/>
    <testcase name="RF-08a - response is a JSON object" time="0.052" classname="AutomatedScenarioTestsResponseIntegrityRf08AMeterSumDayCategoriesFor5MinuteInterval"/>
    <testcase name="RF-08a - MeterCompare response has chart dictionaries and categories" time="0.052" classname="AutomatedScenarioTestsResponseIntegrityRf08AMeterSumDayCategoriesFor5MinuteInterval"/>
    <testcase name="RF-08a - response dictionary keys match expected scenario keys" time="0.052" classname="AutomatedScenarioTestsResponseIntegrityRf08AMeterSumDayCategoriesFor5MinuteInterval"/>
    <testcase name="RF-08a - data arrays align with ArrCategories" time="0.052" classname="AutomatedScenarioTestsResponseIntegrityRf08AMeterSumDayCategoriesFor5MinuteInterval"/>
    <testcase name="RF-08a - max values are not lower than returned data" time="0.052" classname="AutomatedScenarioTestsResponseIntegrityRf08AMeterSumDayCategoriesFor5MinuteInterval"/>
    <testcase name="RF-08a - ArrCategories length matches scenario interval" time="0.052" classname="AutomatedScenarioTestsResponseIntegrityRf08AMeterSumDayCategoriesFor5MinuteInterval"/>
  </testsuite>
  <testsuite name="Automated Scenario Tests / Response Integrity / RF-08b - MeterSum Day categories for 15 minute interval" id="3af39c50-419d-4a5b-a0a5-536b6dcf889a" timestamp="2026-05-05T05:14:58.319Z" tests="9" failures="0" errors="0" time="0.059">
    <testcase name="RF-08b - request completed and returned a response code" time="0.059" classname="AutomatedScenarioTestsResponseIntegrityRf08BMeterSumDayCategoriesFor15MinuteInterval"/>
    <testcase name="RF-08b - no HTTP 500 server error" time="0.059" classname="AutomatedScenarioTestsResponseIntegrityRf08BMeterSumDayCategoriesFor15MinuteInterval"/>
    <testcase name="RF-08b - HTTP status is success" time="0.059" classname="AutomatedScenarioTestsResponseIntegrityRf08BMeterSumDayCategoriesFor15MinuteInterval"/>
    <testcase name="RF-08b - response is a JSON object" time="0.059" classname="AutomatedScenarioTestsResponseIntegrityRf08BMeterSumDayCategoriesFor15MinuteInterval"/>
    <testcase name="RF-08b - MeterCompare response has chart dictionaries and categories" time="0.059" classname="AutomatedScenarioTestsResponseIntegrityRf08BMeterSumDayCategoriesFor15MinuteInterval"/>
    <testcase name="RF-08b - response dictionary keys match expected scenario keys" time="0.059" classname="AutomatedScenarioTestsResponseIntegrityRf08BMeterSumDayCategoriesFor15MinuteInterval"/>
    <testcase name="RF-08b - data arrays align with ArrCategories" time="0.059" classname="AutomatedScenarioTestsResponseIntegrityRf08BMeterSumDayCategoriesFor15MinuteInterval"/>
    <testcase name="RF-08b - max values are not lower than returned data" time="0.059" classname="AutomatedScenarioTestsResponseIntegrityRf08BMeterSumDayCategoriesFor15MinuteInterval"/>
    <testcase name="RF-08b - ArrCategories length matches scenario interval" time="0.059" classname="AutomatedScenarioTestsResponseIntegrityRf08BMeterSumDayCategoriesFor15MinuteInterval"/>
  </testsuite>
  <testsuite name="Automated Scenario Tests / Response Integrity / RF-08c - MeterSum Day categories for 60 minute interval" id="9025c26c-6db3-49fc-bdc4-ce1589a18f56" timestamp="2026-05-05T05:14:58.319Z" tests="9" failures="0" errors="0" time="0.064">
    <testcase name="RF-08c - request completed and returned a response code" time="0.064" classname="AutomatedScenarioTestsResponseIntegrityRf08CMeterSumDayCategoriesFor60MinuteInterval"/>
    <testcase name="RF-08c - no HTTP 500 server error" time="0.064" classname="AutomatedScenarioTestsResponseIntegrityRf08CMeterSumDayCategoriesFor60MinuteInterval"/>
    <testcase name="RF-08c - HTTP status is success" time="0.064" classname="AutomatedScenarioTestsResponseIntegrityRf08CMeterSumDayCategoriesFor60MinuteInterval"/>
    <testcase name="RF-08c - response is a JSON object" time="0.064" classname="AutomatedScenarioTestsResponseIntegrityRf08CMeterSumDayCategoriesFor60MinuteInterval"/>
    <testcase name="RF-08c - MeterCompare response has chart dictionaries and categories" time="0.064" classname="AutomatedScenarioTestsResponseIntegrityRf08CMeterSumDayCategoriesFor60MinuteInterval"/>
    <testcase name="RF-08c - response dictionary keys match expected scenario keys" time="0.064" classname="AutomatedScenarioTestsResponseIntegrityRf08CMeterSumDayCategoriesFor60MinuteInterval"/>
    <testcase name="RF-08c - data arrays align with ArrCategories" time="0.064" classname="AutomatedScenarioTestsResponseIntegrityRf08CMeterSumDayCategoriesFor60MinuteInterval"/>
    <testcase name="RF-08c - max values are not lower than returned data" time="0.064" classname="AutomatedScenarioTestsResponseIntegrityRf08CMeterSumDayCategoriesFor60MinuteInterval"/>
    <testcase name="RF-08c - ArrCategories length matches scenario interval" time="0.064" classname="AutomatedScenarioTestsResponseIntegrityRf08CMeterSumDayCategoriesFor60MinuteInterval"/>
  </testsuite>
</testsuites>