<?xml version="1.0" encoding="UTF-8"?>
<testsuites name="Unimicron Pegasus API" tests="25" time="2.040">
  <testsuite name="Automated Scenario Tests / Functional - MeterSum / MS-F-01 - Day comparison by selected days" id="151023e8-6feb-4e8b-8965-2be4e843327e" timestamp="2026-05-05T05:14:04.252Z" tests="9" failures="0" errors="0" time="0.136">
    <testcase name="MS-F-01 - request completed and returned a response code" time="0.136" classname="AutomatedScenarioTestsFunctionalMeterSumMsF01DayComparisonBySelectedDays"/>
    <testcase name="MS-F-01 - no HTTP 500 server error" time="0.136" classname="AutomatedScenarioTestsFunctionalMeterSumMsF01DayComparisonBySelectedDays"/>
    <testcase name="MS-F-01 - HTTP status is success" time="0.136" classname="AutomatedScenarioTestsFunctionalMeterSumMsF01DayComparisonBySelectedDays"/>
    <testcase name="MS-F-01 - response is a JSON object" time="0.136" classname="AutomatedScenarioTestsFunctionalMeterSumMsF01DayComparisonBySelectedDays"/>
    <testcase name="MS-F-01 - MeterCompare response has chart dictionaries and categories" time="0.136" classname="AutomatedScenarioTestsFunctionalMeterSumMsF01DayComparisonBySelectedDays"/>
    <testcase name="MS-F-01 - response dictionary keys match expected scenario keys" time="0.136" classname="AutomatedScenarioTestsFunctionalMeterSumMsF01DayComparisonBySelectedDays"/>
    <testcase name="MS-F-01 - data arrays align with ArrCategories" time="0.136" classname="AutomatedScenarioTestsFunctionalMeterSumMsF01DayComparisonBySelectedDays"/>
    <testcase name="MS-F-01 - max values are not lower than returned data" time="0.136" classname="AutomatedScenarioTestsFunctionalMeterSumMsF01DayComparisonBySelectedDays"/>
    <testcase name="MS-F-01 - ArrCategories length matches scenario interval" time="0.136" classname="AutomatedScenarioTestsFunctionalMeterSumMsF01DayComparisonBySelectedDays"/>
  </testsuite>
  <testsuite name="Automated Scenario Tests / Functional - MeterSum / MS-F-02 - Week comparison by selected week ranges" id="b94cb7a8-8765-4660-9453-af18336f0600" timestamp="2026-05-05T05:14:04.252Z" tests="8" failures="0" errors="0" time="0.150">
    <testcase name="MS-F-02 - request completed and returned a response code" time="0.150" classname="AutomatedScenarioTestsFunctionalMeterSumMsF02WeekComparisonBySelectedWeekRanges"/>
    <testcase name="MS-F-02 - no HTTP 500 server error" time="0.150" classname="AutomatedScenarioTestsFunctionalMeterSumMsF02WeekComparisonBySelectedWeekRanges"/>
    <testcase name="MS-F-02 - HTTP status is success" time="0.150" classname="AutomatedScenarioTestsFunctionalMeterSumMsF02WeekComparisonBySelectedWeekRanges"/>
    <testcase name="MS-F-02 - response is a JSON object" time="0.150" classname="AutomatedScenarioTestsFunctionalMeterSumMsF02WeekComparisonBySelectedWeekRanges"/>
    <testcase name="MS-F-02 - MeterCompare response has chart dictionaries and categories" time="0.150" classname="AutomatedScenarioTestsFunctionalMeterSumMsF02WeekComparisonBySelectedWeekRanges"/>
    <testcase name="MS-F-02 - response dictionary keys match expected scenario keys" time="0.150" classname="AutomatedScenarioTestsFunctionalMeterSumMsF02WeekComparisonBySelectedWeekRanges"/>
    <testcase name="MS-F-02 - data arrays align with ArrCategories" time="0.150" classname="AutomatedScenarioTestsFunctionalMeterSumMsF02WeekComparisonBySelectedWeekRanges"/>
    <testcase name="MS-F-02 - max values are not lower than returned data" time="0.150" classname="AutomatedScenarioTestsFunctionalMeterSumMsF02WeekComparisonBySelectedWeekRanges"/>
  </testsuite>
  <testsuite name="Automated Scenario Tests / Functional - MeterSum / MS-F-03 - Month comparison by selected months" id="deeb289f-446e-41ba-876b-42966975a18a" timestamp="2026-05-05T05:14:04.252Z" tests="8" failures="0" errors="0" time="0.304">
    <testcase name="MS-F-03 - request completed and returned a response code" time="0.304" classname="AutomatedScenarioTestsFunctionalMeterSumMsF03MonthComparisonBySelectedMonths"/>
    <testcase name="MS-F-03 - no HTTP 500 server error" time="0.304" classname="AutomatedScenarioTestsFunctionalMeterSumMsF03MonthComparisonBySelectedMonths"/>
    <testcase name="MS-F-03 - HTTP status is success" time="0.304" classname="AutomatedScenarioTestsFunctionalMeterSumMsF03MonthComparisonBySelectedMonths"/>
    <testcase name="MS-F-03 - response is a JSON object" time="0.304" classname="AutomatedScenarioTestsFunctionalMeterSumMsF03MonthComparisonBySelectedMonths"/>
    <testcase name="MS-F-03 - MeterCompare response has chart dictionaries and categories" time="0.304" classname="AutomatedScenarioTestsFunctionalMeterSumMsF03MonthComparisonBySelectedMonths"/>
    <testcase name="MS-F-03 - response dictionary keys match expected scenario keys" time="0.304" classname="AutomatedScenarioTestsFunctionalMeterSumMsF03MonthComparisonBySelectedMonths"/>
    <testcase name="MS-F-03 - data arrays align with ArrCategories" time="0.304" classname="AutomatedScenarioTestsFunctionalMeterSumMsF03MonthComparisonBySelectedMonths"/>
    <testcase name="MS-F-03 - max values are not lower than returned data" time="0.304" classname="AutomatedScenarioTestsFunctionalMeterSumMsF03MonthComparisonBySelectedMonths"/>
  </testsuite>
  <testsuite name="Automated Scenario Tests / Functional - MeterSum / MS-F-04 - Year comparison by selected years" id="9478cebf-6cc9-4ee6-ab99-89e9b31e1c57" timestamp="2026-05-05T05:14:04.252Z" tests="8" failures="0" errors="0" time="0.189">
    <testcase name="MS-F-04 - request completed and returned a response code" time="0.189" classname="AutomatedScenarioTestsFunctionalMeterSumMsF04YearComparisonBySelectedYears"/>
    <testcase name="MS-F-04 - no HTTP 500 server error" time="0.189" classname="AutomatedScenarioTestsFunctionalMeterSumMsF04YearComparisonBySelectedYears"/>
    <testcase name="MS-F-04 - HTTP status is success" time="0.189" classname="AutomatedScenarioTestsFunctionalMeterSumMsF04YearComparisonBySelectedYears"/>
    <testcase name="MS-F-04 - response is a JSON object" time="0.189" classname="AutomatedScenarioTestsFunctionalMeterSumMsF04YearComparisonBySelectedYears"/>
    <testcase name="MS-F-04 - MeterCompare response has chart dictionaries and categories" time="0.189" classname="AutomatedScenarioTestsFunctionalMeterSumMsF04YearComparisonBySelectedYears"/>
    <testcase name="MS-F-04 - response dictionary keys match expected scenario keys" time="0.189" classname="AutomatedScenarioTestsFunctionalMeterSumMsF04YearComparisonBySelectedYears"/>
    <testcase name="MS-F-04 - data arrays align with ArrCategories" time="0.189" classname="AutomatedScenarioTestsFunctionalMeterSumMsF04YearComparisonBySelectedYears"/>
    <testcase name="MS-F-04 - max values are not lower than returned data" time="0.189" classname="AutomatedScenarioTestsFunctionalMeterSumMsF04YearComparisonBySelectedYears"/>
  </testsuite>
  <testsuite name="Automated Scenario Tests / Functional - MeterSum / MS-F-05 - Max10Year comparison across ten years" id="8f86875b-03e7-440f-867f-2ed09d3d05d5" timestamp="2026-05-05T05:14:04.252Z" tests="8" failures="0" errors="0" time="0.065">
    <testcase name="MS-F-05 - request completed and returned a response code" time="0.065" classname="AutomatedScenarioTestsFunctionalMeterSumMsF05Max10YearComparisonAcrossTenYears"/>
    <testcase name="MS-F-05 - no HTTP 500 server error" time="0.065" classname="AutomatedScenarioTestsFunctionalMeterSumMsF05Max10YearComparisonAcrossTenYears"/>
    <testcase name="MS-F-05 - HTTP status is success" time="0.065" classname="AutomatedScenarioTestsFunctionalMeterSumMsF05Max10YearComparisonAcrossTenYears"/>
    <testcase name="MS-F-05 - response is a JSON object" time="0.065" classname="AutomatedScenarioTestsFunctionalMeterSumMsF05Max10YearComparisonAcrossTenYears"/>
    <testcase name="MS-F-05 - MeterCompare response has chart dictionaries and categories" time="0.065" classname="AutomatedScenarioTestsFunctionalMeterSumMsF05Max10YearComparisonAcrossTenYears"/>
    <testcase name="MS-F-05 - response dictionary keys match expected scenario keys" time="0.065" classname="AutomatedScenarioTestsFunctionalMeterSumMsF05Max10YearComparisonAcrossTenYears"/>
    <testcase name="MS-F-05 - data arrays align with ArrCategories" time="0.065" classname="AutomatedScenarioTestsFunctionalMeterSumMsF05Max10YearComparisonAcrossTenYears"/>
    <testcase name="MS-F-05 - max values are not lower than returned data" time="0.065" classname="AutomatedScenarioTestsFunctionalMeterSumMsF05Max10YearComparisonAcrossTenYears"/>
  </testsuite>
  <testsuite name="Automated Scenario Tests / Functional - Multimeter / MM-F-01 - Day data for multiple meters" id="c1314e9e-6b1f-443f-a1e3-76a6b44d7ba8" timestamp="2026-05-05T05:14:04.252Z" tests="9" failures="0" errors="0" time="0.223">
    <testcase name="MM-F-01 - request completed and returned a response code" time="0.223" classname="AutomatedScenarioTestsFunctionalMultimeterMmF01DayDataForMultipleMeters"/>
    <testcase name="MM-F-01 - no HTTP 500 server error" time="0.223" classname="AutomatedScenarioTestsFunctionalMultimeterMmF01DayDataForMultipleMeters"/>
    <testcase name="MM-F-01 - HTTP status is success" time="0.223" classname="AutomatedScenarioTestsFunctionalMultimeterMmF01DayDataForMultipleMeters"/>
    <testcase name="MM-F-01 - response is a JSON object" time="0.223" classname="AutomatedScenarioTestsFunctionalMultimeterMmF01DayDataForMultipleMeters"/>
    <testcase name="MM-F-01 - MeterCompare response has chart dictionaries and categories" time="0.223" classname="AutomatedScenarioTestsFunctionalMultimeterMmF01DayDataForMultipleMeters"/>
    <testcase name="MM-F-01 - response dictionary keys match expected scenario keys" time="0.223" classname="AutomatedScenarioTestsFunctionalMultimeterMmF01DayDataForMultipleMeters"/>
    <testcase name="MM-F-01 - data arrays align with ArrCategories" time="0.223" classname="AutomatedScenarioTestsFunctionalMultimeterMmF01DayDataForMultipleMeters"/>
    <testcase name="MM-F-01 - max values are not lower than returned data" time="0.223" classname="AutomatedScenarioTestsFunctionalMultimeterMmF01DayDataForMultipleMeters"/>
    <testcase name="MM-F-01 - ArrCategories length matches scenario interval" time="0.223" classname="AutomatedScenarioTestsFunctionalMultimeterMmF01DayDataForMultipleMeters"/>
  </testsuite>
  <testsuite name="Automated Scenario Tests / Functional - Multimeter / MM-F-02 - Week data for multiple meters" id="33484461-f607-44c2-8731-4d8000c3b536" timestamp="2026-05-05T05:14:04.252Z" tests="8" failures="0" errors="0" time="0.121">
    <testcase name="MM-F-02 - request completed and returned a response code" time="0.121" classname="AutomatedScenarioTestsFunctionalMultimeterMmF02WeekDataForMultipleMeters"/>
    <testcase name="MM-F-02 - no HTTP 500 server error" time="0.121" classname="AutomatedScenarioTestsFunctionalMultimeterMmF02WeekDataForMultipleMeters"/>
    <testcase name="MM-F-02 - HTTP status is success" time="0.121" classname="AutomatedScenarioTestsFunctionalMultimeterMmF02WeekDataForMultipleMeters"/>
    <testcase name="MM-F-02 - response is a JSON object" time="0.121" classname="AutomatedScenarioTestsFunctionalMultimeterMmF02WeekDataForMultipleMeters"/>
    <testcase name="MM-F-02 - MeterCompare response has chart dictionaries and categories" time="0.121" classname="AutomatedScenarioTestsFunctionalMultimeterMmF02WeekDataForMultipleMeters"/>
    <testcase name="MM-F-02 - response dictionary keys match expected scenario keys" time="0.121" classname="AutomatedScenarioTestsFunctionalMultimeterMmF02WeekDataForMultipleMeters"/>
    <testcase name="MM-F-02 - data arrays align with ArrCategories" time="0.121" classname="AutomatedScenarioTestsFunctionalMultimeterMmF02WeekDataForMultipleMeters"/>
    <testcase name="MM-F-02 - max values are not lower than returned data" time="0.121" classname="AutomatedScenarioTestsFunctionalMultimeterMmF02WeekDataForMultipleMeters"/>
  </testsuite>
  <testsuite name="Automated Scenario Tests / Functional - Multimeter / MM-F-03 - Month data for multiple meters" id="d222cca6-c13e-4b6b-8894-1789119a2a01" timestamp="2026-05-05T05:14:04.252Z" tests="3" failures="1" errors="0" time="0.003">
    <testcase name="MM-F-03 - request completed and returned a response code" time="0.003" classname="AutomatedScenarioTestsFunctionalMultimeterMmF03MonthDataForMultipleMeters"/>
    <testcase name="MM-F-03 - no HTTP 500 server error" time="0.003" classname="AutomatedScenarioTestsFunctionalMultimeterMmF03MonthDataForMultipleMeters"/>
    <testcase name="MM-F-03 - HTTP status is success" time="0.003" classname="AutomatedScenarioTestsFunctionalMultimeterMmF03MonthDataForMultipleMeters">
      <failure type="AssertionFailure" message="expected 400 to be within 200..299">
        <![CDATA[Failed 1 times.]]>
        <![CDATA[Collection JSON ID: 5fd9ef49-345d-412a-a56f-5416044a4b42.]]>
        <![CDATA[Collection name: Unimicron Pegasus API.]]>
        <![CDATA[Request name: Automated Scenario Tests / Functional - Multimeter / MM-F-03 - Month data for multiple meters.]]>
        <![CDATA[Test description: MM-F-03 - HTTP status is success.]]>
        <![CDATA[Error message: expected 400 to be within 200..299.]]>
        <![CDATA[Stacktrace: AssertionError: expected 400 to be within 200..299
   at Object.eval sandbox-script.js:3:8).]]>
      </failure>
    </testcase>
  </testsuite>
  <testsuite name="Automated Scenario Tests / Functional - Multimeter / MM-F-04 - Year data for multiple meters" id="5c78d6eb-098a-44fd-bf9e-e6f395b5c138" timestamp="2026-05-05T05:14:04.252Z" tests="3" failures="1" errors="0" time="0.003">
    <testcase name="MM-F-04 - request completed and returned a response code" time="0.003" classname="AutomatedScenarioTestsFunctionalMultimeterMmF04YearDataForMultipleMeters"/>
    <testcase name="MM-F-04 - no HTTP 500 server error" time="0.003" classname="AutomatedScenarioTestsFunctionalMultimeterMmF04YearDataForMultipleMeters"/>
    <testcase name="MM-F-04 - HTTP status is success" time="0.003" classname="AutomatedScenarioTestsFunctionalMultimeterMmF04YearDataForMultipleMeters">
      <failure type="AssertionFailure" message="expected 400 to be within 200..299">
        <![CDATA[Failed 1 times.]]>
        <![CDATA[Collection JSON ID: 5fd9ef49-345d-412a-a56f-5416044a4b42.]]>
        <![CDATA[Collection name: Unimicron Pegasus API.]]>
        <![CDATA[Request name: Automated Scenario Tests / Functional - Multimeter / MM-F-04 - Year data for multiple meters.]]>
        <![CDATA[Test description: MM-F-04 - HTTP status is success.]]>
        <![CDATA[Error message: expected 400 to be within 200..299.]]>
        <![CDATA[Stacktrace: AssertionError: expected 400 to be within 200..299
   at Object.eval sandbox-script.js:3:9).]]>
      </failure>
    </testcase>
  </testsuite>
  <testsuite name="Automated Scenario Tests / Functional - Multimeter / MM-F-05 - Max10Year data for multiple meters" id="6d882378-8f4f-4d04-84ee-f62c95d9c7c5" timestamp="2026-05-05T05:14:04.252Z" tests="3" failures="1" errors="0" time="0.002">
    <testcase name="MM-F-05 - request completed and returned a response code" time="0.002" classname="AutomatedScenarioTestsFunctionalMultimeterMmF05Max10YearDataForMultipleMeters"/>
    <testcase name="MM-F-05 - no HTTP 500 server error" time="0.002" classname="AutomatedScenarioTestsFunctionalMultimeterMmF05Max10YearDataForMultipleMeters"/>
    <testcase name="MM-F-05 - HTTP status is success" time="0.002" classname="AutomatedScenarioTestsFunctionalMultimeterMmF05Max10YearDataForMultipleMeters">
      <failure type="AssertionFailure" message="expected 400 to be within 200..299">
        <![CDATA[Failed 1 times.]]>
        <![CDATA[Collection JSON ID: 5fd9ef49-345d-412a-a56f-5416044a4b42.]]>
        <![CDATA[Collection name: Unimicron Pegasus API.]]>
        <![CDATA[Request name: Automated Scenario Tests / Functional - Multimeter / MM-F-05 - Max10Year data for multiple meters.]]>
        <![CDATA[Test description: MM-F-05 - HTTP status is success.]]>
        <![CDATA[Error message: expected 400 to be within 200..299.]]>
        <![CDATA[Stacktrace: AssertionError: expected 400 to be within 200..299
   at Object.eval sandbox-script.js:3:10).]]>
      </failure>
    </testcase>
  </testsuite>
  <testsuite name="Automated Scenario Tests / Functional - MeterDetail / MD-F-01 - Day detail chart" id="87f3ff38-2082-4149-913d-d5e2c7744d4d" timestamp="2026-05-05T05:14:04.252Z" tests="9" failures="0" errors="0" time="0.105">
    <testcase name="MD-F-01 - request completed and returned a response code" time="0.105" classname="AutomatedScenarioTestsFunctionalMeterDetailMdF01DayDetailChart"/>
    <testcase name="MD-F-01 - no HTTP 500 server error" time="0.105" classname="AutomatedScenarioTestsFunctionalMeterDetailMdF01DayDetailChart"/>
    <testcase name="MD-F-01 - HTTP status is success" time="0.105" classname="AutomatedScenarioTestsFunctionalMeterDetailMdF01DayDetailChart"/>
    <testcase name="MD-F-01 - response is a JSON object" time="0.105" classname="AutomatedScenarioTestsFunctionalMeterDetailMdF01DayDetailChart"/>
    <testcase name="MD-F-01 - MeterDetail response has chart structure" time="0.105" classname="AutomatedScenarioTestsFunctionalMeterDetailMdF01DayDetailChart"/>
    <testcase name="MD-F-01 - each chart series is a bar series with valid data" time="0.105" classname="AutomatedScenarioTestsFunctionalMeterDetailMdF01DayDetailChart"/>
    <testcase name="MD-F-01 - stroke chart length matches chart series length" time="0.105" classname="AutomatedScenarioTestsFunctionalMeterDetailMdF01DayDetailChart"/>
    <testcase name="MD-F-01 - MeterLabelMap contains selected meter IDs" time="0.105" classname="AutomatedScenarioTestsFunctionalMeterDetailMdF01DayDetailChart"/>
    <testcase name="MD-F-01 - ArrCategories length matches scenario interval" time="0.105" classname="AutomatedScenarioTestsFunctionalMeterDetailMdF01DayDetailChart"/>
  </testsuite>
  <testsuite name="Automated Scenario Tests / Functional - MeterDetail / MD-F-02 - Week detail chart" id="32a4877a-5b4c-4892-98b3-958bc998d657" timestamp="2026-05-05T05:14:04.252Z" tests="8" failures="0" errors="0" time="0.044">
    <testcase name="MD-F-02 - request completed and returned a response code" time="0.044" classname="AutomatedScenarioTestsFunctionalMeterDetailMdF02WeekDetailChart"/>
    <testcase name="MD-F-02 - no HTTP 500 server error" time="0.044" classname="AutomatedScenarioTestsFunctionalMeterDetailMdF02WeekDetailChart"/>
    <testcase name="MD-F-02 - HTTP status is success" time="0.044" classname="AutomatedScenarioTestsFunctionalMeterDetailMdF02WeekDetailChart"/>
    <testcase name="MD-F-02 - response is a JSON object" time="0.044" classname="AutomatedScenarioTestsFunctionalMeterDetailMdF02WeekDetailChart"/>
    <testcase name="MD-F-02 - MeterDetail response has chart structure" time="0.044" classname="AutomatedScenarioTestsFunctionalMeterDetailMdF02WeekDetailChart"/>
    <testcase name="MD-F-02 - each chart series is a bar series with valid data" time="0.044" classname="AutomatedScenarioTestsFunctionalMeterDetailMdF02WeekDetailChart"/>
    <testcase name="MD-F-02 - stroke chart length matches chart series length" time="0.044" classname="AutomatedScenarioTestsFunctionalMeterDetailMdF02WeekDetailChart"/>
    <testcase name="MD-F-02 - MeterLabelMap contains selected meter IDs" time="0.044" classname="AutomatedScenarioTestsFunctionalMeterDetailMdF02WeekDetailChart"/>
  </testsuite>
  <testsuite name="Automated Scenario Tests / Functional - MeterDetail / MD-F-03 - Month detail chart" id="d5d6f46e-b70f-46a5-97b0-0cd4adcc3972" timestamp="2026-05-05T05:14:04.252Z" tests="8" failures="0" errors="0" time="0.038">
    <testcase name="MD-F-03 - request completed and returned a response code" time="0.038" classname="AutomatedScenarioTestsFunctionalMeterDetailMdF03MonthDetailChart"/>
    <testcase name="MD-F-03 - no HTTP 500 server error" time="0.038" classname="AutomatedScenarioTestsFunctionalMeterDetailMdF03MonthDetailChart"/>
    <testcase name="MD-F-03 - HTTP status is success" time="0.038" classname="AutomatedScenarioTestsFunctionalMeterDetailMdF03MonthDetailChart"/>
    <testcase name="MD-F-03 - response is a JSON object" time="0.038" classname="AutomatedScenarioTestsFunctionalMeterDetailMdF03MonthDetailChart"/>
    <testcase name="MD-F-03 - MeterDetail response has chart structure" time="0.038" classname="AutomatedScenarioTestsFunctionalMeterDetailMdF03MonthDetailChart"/>
    <testcase name="MD-F-03 - each chart series is a bar series with valid data" time="0.038" classname="AutomatedScenarioTestsFunctionalMeterDetailMdF03MonthDetailChart"/>
    <testcase name="MD-F-03 - stroke chart length matches chart series length" time="0.038" classname="AutomatedScenarioTestsFunctionalMeterDetailMdF03MonthDetailChart"/>
    <testcase name="MD-F-03 - MeterLabelMap contains selected meter IDs" time="0.038" classname="AutomatedScenarioTestsFunctionalMeterDetailMdF03MonthDetailChart"/>
  </testsuite>
  <testsuite name="Automated Scenario Tests / Functional - MeterDetail / MD-F-04 - Year detail chart" id="c8abf2b1-9732-4145-ad51-670968d23455" timestamp="2026-05-05T05:14:04.252Z" tests="8" failures="0" errors="0" time="0.082">
    <testcase name="MD-F-04 - request completed and returned a response code" time="0.082" classname="AutomatedScenarioTestsFunctionalMeterDetailMdF04YearDetailChart"/>
    <testcase name="MD-F-04 - no HTTP 500 server error" time="0.082" classname="AutomatedScenarioTestsFunctionalMeterDetailMdF04YearDetailChart"/>
    <testcase name="MD-F-04 - HTTP status is success" time="0.082" classname="AutomatedScenarioTestsFunctionalMeterDetailMdF04YearDetailChart"/>
    <testcase name="MD-F-04 - response is a JSON object" time="0.082" classname="AutomatedScenarioTestsFunctionalMeterDetailMdF04YearDetailChart"/>
    <testcase name="MD-F-04 - MeterDetail response has chart structure" time="0.082" classname="AutomatedScenarioTestsFunctionalMeterDetailMdF04YearDetailChart"/>
    <testcase name="MD-F-04 - each chart series is a bar series with valid data" time="0.082" classname="AutomatedScenarioTestsFunctionalMeterDetailMdF04YearDetailChart"/>
    <testcase name="MD-F-04 - stroke chart length matches chart series length" time="0.082" classname="AutomatedScenarioTestsFunctionalMeterDetailMdF04YearDetailChart"/>
    <testcase name="MD-F-04 - MeterLabelMap contains selected meter IDs" time="0.082" classname="AutomatedScenarioTestsFunctionalMeterDetailMdF04YearDetailChart"/>
  </testsuite>
  <testsuite name="Automated Scenario Tests / Functional - MeterDetail / MD-F-05 - Max10Year detail chart" id="6a7629d8-f49f-4fd2-a190-16d2aa2de6bb" timestamp="2026-05-05T05:14:04.252Z" tests="8" failures="0" errors="0" time="0.046">
    <testcase name="MD-F-05 - request completed and returned a response code" time="0.046" classname="AutomatedScenarioTestsFunctionalMeterDetailMdF05Max10YearDetailChart"/>
    <testcase name="MD-F-05 - no HTTP 500 server error" time="0.046" classname="AutomatedScenarioTestsFunctionalMeterDetailMdF05Max10YearDetailChart"/>
    <testcase name="MD-F-05 - HTTP status is success" time="0.046" classname="AutomatedScenarioTestsFunctionalMeterDetailMdF05Max10YearDetailChart"/>
    <testcase name="MD-F-05 - response is a JSON object" time="0.046" classname="AutomatedScenarioTestsFunctionalMeterDetailMdF05Max10YearDetailChart"/>
    <testcase name="MD-F-05 - MeterDetail response has chart structure" time="0.046" classname="AutomatedScenarioTestsFunctionalMeterDetailMdF05Max10YearDetailChart"/>
    <testcase name="MD-F-05 - each chart series is a bar series with valid data" time="0.046" classname="AutomatedScenarioTestsFunctionalMeterDetailMdF05Max10YearDetailChart"/>
    <testcase name="MD-F-05 - stroke chart length matches chart series length" time="0.046" classname="AutomatedScenarioTestsFunctionalMeterDetailMdF05Max10YearDetailChart"/>
    <testcase name="MD-F-05 - MeterLabelMap contains selected meter IDs" time="0.046" classname="AutomatedScenarioTestsFunctionalMeterDetailMdF05Max10YearDetailChart"/>
  </testsuite>
  <testsuite name="Automated Scenario Tests / Response Integrity / RF-01 - MeterSum Day keys are time/data-select strings" id="f79c01e6-1a5b-4aba-b0f8-6576c5b1c7ee" timestamp="2026-05-05T05:14:04.252Z" tests="9" failures="0" errors="0" time="0.102">
    <testcase name="RF-01 - request completed and returned a response code" time="0.102" classname="AutomatedScenarioTestsResponseIntegrityRf01MeterSumDayKeysAreTimeDataSelectStrings"/>
    <testcase name="RF-01 - no HTTP 500 server error" time="0.102" classname="AutomatedScenarioTestsResponseIntegrityRf01MeterSumDayKeysAreTimeDataSelectStrings"/>
    <testcase name="RF-01 - HTTP status is success" time="0.102" classname="AutomatedScenarioTestsResponseIntegrityRf01MeterSumDayKeysAreTimeDataSelectStrings"/>
    <testcase name="RF-01 - response is a JSON object" time="0.102" classname="AutomatedScenarioTestsResponseIntegrityRf01MeterSumDayKeysAreTimeDataSelectStrings"/>
    <testcase name="RF-01 - MeterCompare response has chart dictionaries and categories" time="0.102" classname="AutomatedScenarioTestsResponseIntegrityRf01MeterSumDayKeysAreTimeDataSelectStrings"/>
    <testcase name="RF-01 - response dictionary keys match expected scenario keys" time="0.102" classname="AutomatedScenarioTestsResponseIntegrityRf01MeterSumDayKeysAreTimeDataSelectStrings"/>
    <testcase name="RF-01 - data arrays align with ArrCategories" time="0.102" classname="AutomatedScenarioTestsResponseIntegrityRf01MeterSumDayKeysAreTimeDataSelectStrings"/>
    <testcase name="RF-01 - max values are not lower than returned data" time="0.102" classname="AutomatedScenarioTestsResponseIntegrityRf01MeterSumDayKeysAreTimeDataSelectStrings"/>
    <testcase name="RF-01 - ArrCategories length matches scenario interval" time="0.102" classname="AutomatedScenarioTestsResponseIntegrityRf01MeterSumDayKeysAreTimeDataSelectStrings"/>
  </testsuite>
  <testsuite name="Automated Scenario Tests / Response Integrity / RF-02 - Multimeter Day keys are meter IDs" id="3b7acb2e-ca16-43a0-8335-2ce6b417fc04" timestamp="2026-05-05T05:14:04.252Z" tests="9" failures="0" errors="0" time="0.049">
    <testcase name="RF-02 - request completed and returned a response code" time="0.049" classname="AutomatedScenarioTestsResponseIntegrityRf02MultimeterDayKeysAreMeterIDs"/>
    <testcase name="RF-02 - no HTTP 500 server error" time="0.049" classname="AutomatedScenarioTestsResponseIntegrityRf02MultimeterDayKeysAreMeterIDs"/>
    <testcase name="RF-02 - HTTP status is success" time="0.049" classname="AutomatedScenarioTestsResponseIntegrityRf02MultimeterDayKeysAreMeterIDs"/>
    <testcase name="RF-02 - response is a JSON object" time="0.049" classname="AutomatedScenarioTestsResponseIntegrityRf02MultimeterDayKeysAreMeterIDs"/>
    <testcase name="RF-02 - MeterCompare response has chart dictionaries and categories" time="0.049" classname="AutomatedScenarioTestsResponseIntegrityRf02MultimeterDayKeysAreMeterIDs"/>
    <testcase name="RF-02 - response dictionary keys match expected scenario keys" time="0.049" classname="AutomatedScenarioTestsResponseIntegrityRf02MultimeterDayKeysAreMeterIDs"/>
    <testcase name="RF-02 - data arrays align with ArrCategories" time="0.049" classname="AutomatedScenarioTestsResponseIntegrityRf02MultimeterDayKeysAreMeterIDs"/>
    <testcase name="RF-02 - max values are not lower than returned data" time="0.049" classname="AutomatedScenarioTestsResponseIntegrityRf02MultimeterDayKeysAreMeterIDs"/>
    <testcase name="RF-02 - ArrCategories length matches scenario interval" time="0.049" classname="AutomatedScenarioTestsResponseIntegrityRf02MultimeterDayKeysAreMeterIDs"/>
  </testsuite>
  <testsuite name="Automated Scenario Tests / Response Integrity / RF-03 - MeterSum max values cover Month data" id="a7c07f6f-137d-4be9-b33c-40dc019b29a8" timestamp="2026-05-05T05:14:04.252Z" tests="8" failures="0" errors="0" time="0.048">
    <testcase name="RF-03 - request completed and returned a response code" time="0.048" classname="AutomatedScenarioTestsResponseIntegrityRf03MeterSumMaxValuesCoverMonthData"/>
    <testcase name="RF-03 - no HTTP 500 server error" time="0.048" classname="AutomatedScenarioTestsResponseIntegrityRf03MeterSumMaxValuesCoverMonthData"/>
    <testcase name="RF-03 - HTTP status is success" time="0.048" classname="AutomatedScenarioTestsResponseIntegrityRf03MeterSumMaxValuesCoverMonthData"/>
    <testcase name="RF-03 - response is a JSON object" time="0.048" classname="AutomatedScenarioTestsResponseIntegrityRf03MeterSumMaxValuesCoverMonthData"/>
    <testcase name="RF-03 - MeterCompare response has chart dictionaries and categories" time="0.048" classname="AutomatedScenarioTestsResponseIntegrityRf03MeterSumMaxValuesCoverMonthData"/>
    <testcase name="RF-03 - response dictionary keys match expected scenario keys" time="0.048" classname="AutomatedScenarioTestsResponseIntegrityRf03MeterSumMaxValuesCoverMonthData"/>
    <testcase name="RF-03 - data arrays align with ArrCategories" time="0.048" classname="AutomatedScenarioTestsResponseIntegrityRf03MeterSumMaxValuesCoverMonthData"/>
    <testcase name="RF-03 - max values are not lower than returned data" time="0.048" classname="AutomatedScenarioTestsResponseIntegrityRf03MeterSumMaxValuesCoverMonthData"/>
  </testsuite>
  <testsuite name="Automated Scenario Tests / Response Integrity / RF-04 - Multimeter max values cover Month data" id="d3453183-8ed6-4676-ab0d-69dc2f2ea588" timestamp="2026-05-05T05:14:04.252Z" tests="3" failures="1" errors="0" time="0.002">
    <testcase name="RF-04 - request completed and returned a response code" time="0.002" classname="AutomatedScenarioTestsResponseIntegrityRf04MultimeterMaxValuesCoverMonthData"/>
    <testcase name="RF-04 - no HTTP 500 server error" time="0.002" classname="AutomatedScenarioTestsResponseIntegrityRf04MultimeterMaxValuesCoverMonthData"/>
    <testcase name="RF-04 - HTTP status is success" time="0.002" classname="AutomatedScenarioTestsResponseIntegrityRf04MultimeterMaxValuesCoverMonthData">
      <failure type="AssertionFailure" message="expected 400 to be within 200..299">
        <![CDATA[Failed 1 times.]]>
        <![CDATA[Collection JSON ID: 5fd9ef49-345d-412a-a56f-5416044a4b42.]]>
        <![CDATA[Collection name: Unimicron Pegasus API.]]>
        <![CDATA[Request name: Automated Scenario Tests / Response Integrity / RF-04 - Multimeter max values cover Month data.]]>
        <![CDATA[Test description: RF-04 - HTTP status is success.]]>
        <![CDATA[Error message: expected 400 to be within 200..299.]]>
        <![CDATA[Stacktrace: AssertionError: expected 400 to be within 200..299
   at Object.eval sandbox-script.js:3:19).]]>
      </failure>
    </testcase>
  </testsuite>
  <testsuite name="Automated Scenario Tests / Response Integrity / RF-05 - MeterDetail chart series object structure" id="1c9c584b-3c54-4eb6-97b9-f05ff694bbbd" timestamp="2026-05-05T05:14:04.252Z" tests="9" failures="0" errors="0" time="0.060">
    <testcase name="RF-05 - request completed and returned a response code" time="0.060" classname="AutomatedScenarioTestsResponseIntegrityRf05MeterDetailChartSeriesObjectStructure"/>
    <testcase name="RF-05 - no HTTP 500 server error" time="0.060" classname="AutomatedScenarioTestsResponseIntegrityRf05MeterDetailChartSeriesObjectStructure"/>
    <testcase name="RF-05 - HTTP status is success" time="0.060" classname="AutomatedScenarioTestsResponseIntegrityRf05MeterDetailChartSeriesObjectStructure"/>
    <testcase name="RF-05 - response is a JSON object" time="0.060" classname="AutomatedScenarioTestsResponseIntegrityRf05MeterDetailChartSeriesObjectStructure"/>
    <testcase name="RF-05 - MeterDetail response has chart structure" time="0.060" classname="AutomatedScenarioTestsResponseIntegrityRf05MeterDetailChartSeriesObjectStructure"/>
    <testcase name="RF-05 - each chart series is a bar series with valid data" time="0.060" classname="AutomatedScenarioTestsResponseIntegrityRf05MeterDetailChartSeriesObjectStructure"/>
    <testcase name="RF-05 - stroke chart length matches chart series length" time="0.060" classname="AutomatedScenarioTestsResponseIntegrityRf05MeterDetailChartSeriesObjectStructure"/>
    <testcase name="RF-05 - MeterLabelMap contains selected meter IDs" time="0.060" classname="AutomatedScenarioTestsResponseIntegrityRf05MeterDetailChartSeriesObjectStructure"/>
    <testcase name="RF-05 - ArrCategories length matches scenario interval" time="0.060" classname="AutomatedScenarioTestsResponseIntegrityRf05MeterDetailChartSeriesObjectStructure"/>
  </testsuite>
  <testsuite name="Automated Scenario Tests / Response Integrity / RF-06 - MeterDetail MeterLabelMap selected IDs" id="9e82a4e3-75fc-4cc4-911e-31bb3bafa530" timestamp="2026-05-05T05:14:04.252Z" tests="8" failures="0" errors="0" time="0.061">
    <testcase name="RF-06 - request completed and returned a response code" time="0.061" classname="AutomatedScenarioTestsResponseIntegrityRf06MeterDetailMeterLabelMapSelectedIDs"/>
    <testcase name="RF-06 - no HTTP 500 server error" time="0.061" classname="AutomatedScenarioTestsResponseIntegrityRf06MeterDetailMeterLabelMapSelectedIDs"/>
    <testcase name="RF-06 - HTTP status is success" time="0.061" classname="AutomatedScenarioTestsResponseIntegrityRf06MeterDetailMeterLabelMapSelectedIDs"/>
    <testcase name="RF-06 - response is a JSON object" time="0.061" classname="AutomatedScenarioTestsResponseIntegrityRf06MeterDetailMeterLabelMapSelectedIDs"/>
    <testcase name="RF-06 - MeterDetail response has chart structure" time="0.061" classname="AutomatedScenarioTestsResponseIntegrityRf06MeterDetailMeterLabelMapSelectedIDs"/>
    <testcase name="RF-06 - each chart series is a bar series with valid data" time="0.061" classname="AutomatedScenarioTestsResponseIntegrityRf06MeterDetailMeterLabelMapSelectedIDs"/>
    <testcase name="RF-06 - stroke chart length matches chart series length" time="0.061" classname="AutomatedScenarioTestsResponseIntegrityRf06MeterDetailMeterLabelMapSelectedIDs"/>
    <testcase name="RF-06 - MeterLabelMap contains selected meter IDs" time="0.061" classname="AutomatedScenarioTestsResponseIntegrityRf06MeterDetailMeterLabelMapSelectedIDs"/>
  </testsuite>
  <testsuite name="Automated Scenario Tests / Response Integrity / RF-07 - MeterDetail stroke length consistency" id="40ce7413-d9ea-469f-bfce-df53236936ba" timestamp="2026-05-05T05:14:04.252Z" tests="8" failures="0" errors="0" time="0.065">
    <testcase name="RF-07 - request completed and returned a response code" time="0.065" classname="AutomatedScenarioTestsResponseIntegrityRf07MeterDetailStrokeLengthConsistency"/>
    <testcase name="RF-07 - no HTTP 500 server error" time="0.065" classname="AutomatedScenarioTestsResponseIntegrityRf07MeterDetailStrokeLengthConsistency"/>
    <testcase name="RF-07 - HTTP status is success" time="0.065" classname="AutomatedScenarioTestsResponseIntegrityRf07MeterDetailStrokeLengthConsistency"/>
    <testcase name="RF-07 - response is a JSON object" time="0.065" classname="AutomatedScenarioTestsResponseIntegrityRf07MeterDetailStrokeLengthConsistency"/>
    <testcase name="RF-07 - MeterDetail response has chart structure" time="0.065" classname="AutomatedScenarioTestsResponseIntegrityRf07MeterDetailStrokeLengthConsistency"/>
    <testcase name="RF-07 - each chart series is a bar series with valid data" time="0.065" classname="AutomatedScenarioTestsResponseIntegrityRf07MeterDetailStrokeLengthConsistency"/>
    <testcase name="RF-07 - stroke chart length matches chart series length" time="0.065" classname="AutomatedScenarioTestsResponseIntegrityRf07MeterDetailStrokeLengthConsistency"/>
    <testcase name="RF-07 - MeterLabelMap contains selected meter IDs" time="0.065" classname="AutomatedScenarioTestsResponseIntegrityRf07MeterDetailStrokeLengthConsistency"/>
  </testsuite>
  <testsuite name="Automated Scenario Tests / Response Integrity / RF-08a - MeterSum Day categories for 5 minute interval" id="96430c7e-5c29-452c-a553-dd1b6ba9dd4d" timestamp="2026-05-05T05:14:04.252Z" tests="9" failures="0" errors="0" time="0.050">
    <testcase name="RF-08a - request completed and returned a response code" time="0.050" classname="AutomatedScenarioTestsResponseIntegrityRf08AMeterSumDayCategoriesFor5MinuteInterval"/>
    <testcase name="RF-08a - no HTTP 500 server error" time="0.050" classname="AutomatedScenarioTestsResponseIntegrityRf08AMeterSumDayCategoriesFor5MinuteInterval"/>
    <testcase name="RF-08a - HTTP status is success" time="0.050" classname="AutomatedScenarioTestsResponseIntegrityRf08AMeterSumDayCategoriesFor5MinuteInterval"/>
    <testcase name="RF-08a - response is a JSON object" time="0.050" classname="AutomatedScenarioTestsResponseIntegrityRf08AMeterSumDayCategoriesFor5MinuteInterval"/>
    <testcase name="RF-08a - MeterCompare response has chart dictionaries and categories" time="0.050" classname="AutomatedScenarioTestsResponseIntegrityRf08AMeterSumDayCategoriesFor5MinuteInterval"/>
    <testcase name="RF-08a - response dictionary keys match expected scenario keys" time="0.050" classname="AutomatedScenarioTestsResponseIntegrityRf08AMeterSumDayCategoriesFor5MinuteInterval"/>
    <testcase name="RF-08a - data arrays align with ArrCategories" time="0.050" classname="AutomatedScenarioTestsResponseIntegrityRf08AMeterSumDayCategoriesFor5MinuteInterval"/>
    <testcase name="RF-08a - max values are not lower than returned data" time="0.050" classname="AutomatedScenarioTestsResponseIntegrityRf08AMeterSumDayCategoriesFor5MinuteInterval"/>
    <testcase name="RF-08a - ArrCategories length matches scenario interval" time="0.050" classname="AutomatedScenarioTestsResponseIntegrityRf08AMeterSumDayCategoriesFor5MinuteInterval"/>
  </testsuite>
  <testsuite name="Automated Scenario Tests / Response Integrity / RF-08b - MeterSum Day categories for 15 minute interval" id="0af00075-c0a6-4331-a552-1631f17f106d" timestamp="2026-05-05T05:14:04.252Z" tests="9" failures="0" errors="0" time="0.044">
    <testcase name="RF-08b - request completed and returned a response code" time="0.044" classname="AutomatedScenarioTestsResponseIntegrityRf08BMeterSumDayCategoriesFor15MinuteInterval"/>
    <testcase name="RF-08b - no HTTP 500 server error" time="0.044" classname="AutomatedScenarioTestsResponseIntegrityRf08BMeterSumDayCategoriesFor15MinuteInterval"/>
    <testcase name="RF-08b - HTTP status is success" time="0.044" classname="AutomatedScenarioTestsResponseIntegrityRf08BMeterSumDayCategoriesFor15MinuteInterval"/>
    <testcase name="RF-08b - response is a JSON object" time="0.044" classname="AutomatedScenarioTestsResponseIntegrityRf08BMeterSumDayCategoriesFor15MinuteInterval"/>
    <testcase name="RF-08b - MeterCompare response has chart dictionaries and categories" time="0.044" classname="AutomatedScenarioTestsResponseIntegrityRf08BMeterSumDayCategoriesFor15MinuteInterval"/>
    <testcase name="RF-08b - response dictionary keys match expected scenario keys" time="0.044" classname="AutomatedScenarioTestsResponseIntegrityRf08BMeterSumDayCategoriesFor15MinuteInterval"/>
    <testcase name="RF-08b - data arrays align with ArrCategories" time="0.044" classname="AutomatedScenarioTestsResponseIntegrityRf08BMeterSumDayCategoriesFor15MinuteInterval"/>
    <testcase name="RF-08b - max values are not lower than returned data" time="0.044" classname="AutomatedScenarioTestsResponseIntegrityRf08BMeterSumDayCategoriesFor15MinuteInterval"/>
    <testcase name="RF-08b - ArrCategories length matches scenario interval" time="0.044" classname="AutomatedScenarioTestsResponseIntegrityRf08BMeterSumDayCategoriesFor15MinuteInterval"/>
  </testsuite>
  <testsuite name="Automated Scenario Tests / Response Integrity / RF-08c - MeterSum Day categories for 60 minute interval" id="ffc7d080-9bef-4408-87a0-d9b9691b6710" timestamp="2026-05-05T05:14:04.252Z" tests="9" failures="0" errors="0" time="0.048">
    <testcase name="RF-08c - request completed and returned a response code" time="0.048" classname="AutomatedScenarioTestsResponseIntegrityRf08CMeterSumDayCategoriesFor60MinuteInterval"/>
    <testcase name="RF-08c - no HTTP 500 server error" time="0.048" classname="AutomatedScenarioTestsResponseIntegrityRf08CMeterSumDayCategoriesFor60MinuteInterval"/>
    <testcase name="RF-08c - HTTP status is success" time="0.048" classname="AutomatedScenarioTestsResponseIntegrityRf08CMeterSumDayCategoriesFor60MinuteInterval"/>
    <testcase name="RF-08c - response is a JSON object" time="0.048" classname="AutomatedScenarioTestsResponseIntegrityRf08CMeterSumDayCategoriesFor60MinuteInterval"/>
    <testcase name="RF-08c - MeterCompare response has chart dictionaries and categories" time="0.048" classname="AutomatedScenarioTestsResponseIntegrityRf08CMeterSumDayCategoriesFor60MinuteInterval"/>
    <testcase name="RF-08c - response dictionary keys match expected scenario keys" time="0.048" classname="AutomatedScenarioTestsResponseIntegrityRf08CMeterSumDayCategoriesFor60MinuteInterval"/>
    <testcase name="RF-08c - data arrays align with ArrCategories" time="0.048" classname="AutomatedScenarioTestsResponseIntegrityRf08CMeterSumDayCategoriesFor60MinuteInterval"/>
    <testcase name="RF-08c - max values are not lower than returned data" time="0.048" classname="AutomatedScenarioTestsResponseIntegrityRf08CMeterSumDayCategoriesFor60MinuteInterval"/>
    <testcase name="RF-08c - ArrCategories length matches scenario interval" time="0.048" classname="AutomatedScenarioTestsResponseIntegrityRf08CMeterSumDayCategoriesFor60MinuteInterval"/>
  </testsuite>
</testsuites>