<?xml version="1.0" encoding="UTF-8"?>
<testsuites name="Unimicron Pegasus API" tests="18" time="0.194">
  <testsuite name="Automated Scenario Tests / Validation - Required Fields / VR-01 - MeterSum missing Type" id="08dddf1d-9a26-4c56-b695-679227766665" timestamp="2026-05-05T05:15:04.937Z" tests="3" failures="0" errors="0" time="0.024">
    <testcase name="VR-01 - request completed and returned a response code" time="0.024" classname="AutomatedScenarioTestsValidationRequiredFieldsVr01MeterSumMissingType"/>
    <testcase name="VR-01 - no HTTP 500 server error" time="0.024" classname="AutomatedScenarioTestsValidationRequiredFieldsVr01MeterSumMissingType"/>
    <testcase name="VR-01 - controlled validation response" time="0.024" classname="AutomatedScenarioTestsValidationRequiredFieldsVr01MeterSumMissingType"/>
  </testsuite>
  <testsuite name="Automated Scenario Tests / Validation - Required Fields / VR-02 - MeterSum missing Meter" id="32da32c3-0d20-47ee-8755-dab26457a7ff" timestamp="2026-05-05T05:15:04.937Z" tests="3" failures="0" errors="0" time="0.003">
    <testcase name="VR-02 - request completed and returned a response code" time="0.003" classname="AutomatedScenarioTestsValidationRequiredFieldsVr02MeterSumMissingMeter"/>
    <testcase name="VR-02 - no HTTP 500 server error" time="0.003" classname="AutomatedScenarioTestsValidationRequiredFieldsVr02MeterSumMissingMeter"/>
    <testcase name="VR-02 - controlled validation response" time="0.003" classname="AutomatedScenarioTestsValidationRequiredFieldsVr02MeterSumMissingMeter"/>
  </testsuite>
  <testsuite name="Automated Scenario Tests / Validation - Required Fields / VR-03 - MeterSum missing DataSelect" id="374cfa64-f879-4c2e-a6ef-c12e98fb68bf" timestamp="2026-05-05T05:15:04.937Z" tests="3" failures="0" errors="0" time="0.002">
    <testcase name="VR-03 - request completed and returned a response code" time="0.002" classname="AutomatedScenarioTestsValidationRequiredFieldsVr03MeterSumMissingDataSelect"/>
    <testcase name="VR-03 - no HTTP 500 server error" time="0.002" classname="AutomatedScenarioTestsValidationRequiredFieldsVr03MeterSumMissingDataSelect"/>
    <testcase name="VR-03 - controlled validation response" time="0.002" classname="AutomatedScenarioTestsValidationRequiredFieldsVr03MeterSumMissingDataSelect"/>
  </testsuite>
  <testsuite name="Automated Scenario Tests / Validation - Required Fields / VR-04 - Multimeter missing Interval" id="1ea1b89c-b3f4-4698-abc5-b55cd38b055d" timestamp="2026-05-05T05:15:04.937Z" tests="3" failures="0" errors="0" time="0.003">
    <testcase name="VR-04 - request completed and returned a response code" time="0.003" classname="AutomatedScenarioTestsValidationRequiredFieldsVr04MultimeterMissingInterval"/>
    <testcase name="VR-04 - no HTTP 500 server error" time="0.003" classname="AutomatedScenarioTestsValidationRequiredFieldsVr04MultimeterMissingInterval"/>
    <testcase name="VR-04 - controlled validation response" time="0.003" classname="AutomatedScenarioTestsValidationRequiredFieldsVr04MultimeterMissingInterval"/>
  </testsuite>
  <testsuite name="Automated Scenario Tests / Validation - Required Fields / VR-05 - MeterDetail missing past" id="1e4eac70-9d5c-4f29-bb44-e7d6ce40b192" timestamp="2026-05-05T05:15:04.937Z" tests="3" failures="0" errors="0" time="0.002">
    <testcase name="VR-05 - request completed and returned a response code" time="0.002" classname="AutomatedScenarioTestsValidationRequiredFieldsVr05MeterDetailMissingPast"/>
    <testcase name="VR-05 - no HTTP 500 server error" time="0.002" classname="AutomatedScenarioTestsValidationRequiredFieldsVr05MeterDetailMissingPast"/>
    <testcase name="VR-05 - controlled validation response" time="0.002" classname="AutomatedScenarioTestsValidationRequiredFieldsVr05MeterDetailMissingPast"/>
  </testsuite>
  <testsuite name="Automated Scenario Tests / Validation - Wrong Data Type / VT-01 - MeterSum Interval as string" id="eaf63336-f274-45f7-9909-059a0c665c1c" timestamp="2026-05-05T05:15:04.937Z" tests="3" failures="0" errors="0" time="0.015">
    <testcase name="VT-01 - request completed and returned a response code" time="0.015" classname="AutomatedScenarioTestsValidationWrongDataTypeVt01MeterSumIntervalAsString"/>
    <testcase name="VT-01 - no HTTP 500 server error" time="0.015" classname="AutomatedScenarioTestsValidationWrongDataTypeVt01MeterSumIntervalAsString"/>
    <testcase name="VT-01 - controlled validation response" time="0.015" classname="AutomatedScenarioTestsValidationWrongDataTypeVt01MeterSumIntervalAsString"/>
  </testsuite>
  <testsuite name="Automated Scenario Tests / Validation - Wrong Data Type / VT-02 - Multimeter Meter as scalar" id="5924bf40-12b0-4c19-8794-0759e23bd3d8" timestamp="2026-05-05T05:15:04.937Z" tests="3" failures="0" errors="0" time="0.003">
    <testcase name="VT-02 - request completed and returned a response code" time="0.003" classname="AutomatedScenarioTestsValidationWrongDataTypeVt02MultimeterMeterAsScalar"/>
    <testcase name="VT-02 - no HTTP 500 server error" time="0.003" classname="AutomatedScenarioTestsValidationWrongDataTypeVt02MultimeterMeterAsScalar"/>
    <testcase name="VT-02 - controlled validation response" time="0.003" classname="AutomatedScenarioTestsValidationWrongDataTypeVt02MultimeterMeterAsScalar"/>
  </testsuite>
  <testsuite name="Automated Scenario Tests / Validation - Wrong Data Type / VT-03 - MeterSum DataSelect as string" id="9001fccc-423a-469f-900c-c588a66c6c7c" timestamp="2026-05-05T05:15:04.937Z" tests="3" failures="0" errors="0" time="0.004">
    <testcase name="VT-03 - request completed and returned a response code" time="0.004" classname="AutomatedScenarioTestsValidationWrongDataTypeVt03MeterSumDataSelectAsString"/>
    <testcase name="VT-03 - no HTTP 500 server error" time="0.004" classname="AutomatedScenarioTestsValidationWrongDataTypeVt03MeterSumDataSelectAsString"/>
    <testcase name="VT-03 - controlled validation response" time="0.004" classname="AutomatedScenarioTestsValidationWrongDataTypeVt03MeterSumDataSelectAsString"/>
  </testsuite>
  <testsuite name="Automated Scenario Tests / Validation - Wrong Data Type / VT-04 - MeterDetail past as string" id="2c8cda3f-8519-4973-81d0-23f50a2e2a27" timestamp="2026-05-05T05:15:04.937Z" tests="3" failures="0" errors="0" time="0.003">
    <testcase name="VT-04 - request completed and returned a response code" time="0.003" classname="AutomatedScenarioTestsValidationWrongDataTypeVt04MeterDetailPastAsString"/>
    <testcase name="VT-04 - no HTTP 500 server error" time="0.003" classname="AutomatedScenarioTestsValidationWrongDataTypeVt04MeterDetailPastAsString"/>
    <testcase name="VT-04 - controlled validation response" time="0.003" classname="AutomatedScenarioTestsValidationWrongDataTypeVt04MeterDetailPastAsString"/>
  </testsuite>
  <testsuite name="Automated Scenario Tests / Validation - Out Of Range / VO-01 - MeterSum negative Past" id="45f346fa-a88e-47d5-9e81-11f364e993ae" timestamp="2026-05-05T05:15:04.937Z" tests="3" failures="0" errors="0" time="0.003">
    <testcase name="VO-01 - request completed and returned a response code" time="0.003" classname="AutomatedScenarioTestsValidationOutOfRangeVo01MeterSumNegativePast"/>
    <testcase name="VO-01 - no HTTP 500 server error" time="0.003" classname="AutomatedScenarioTestsValidationOutOfRangeVo01MeterSumNegativePast"/>
    <testcase name="VO-01 - controlled validation response" time="0.003" classname="AutomatedScenarioTestsValidationOutOfRangeVo01MeterSumNegativePast"/>
  </testsuite>
  <testsuite name="Automated Scenario Tests / Validation - Out Of Range / VO-02 - MeterSum unsupported Day interval" id="72f10468-e062-4956-b1ea-93ad59ae3d12" timestamp="2026-05-05T05:15:04.937Z" tests="3" failures="0" errors="0" time="0.003">
    <testcase name="VO-02 - request completed and returned a response code" time="0.003" classname="AutomatedScenarioTestsValidationOutOfRangeVo02MeterSumUnsupportedDayInterval"/>
    <testcase name="VO-02 - no HTTP 500 server error" time="0.003" classname="AutomatedScenarioTestsValidationOutOfRangeVo02MeterSumUnsupportedDayInterval"/>
    <testcase name="VO-02 - controlled validation response" time="0.003" classname="AutomatedScenarioTestsValidationOutOfRangeVo02MeterSumUnsupportedDayInterval"/>
  </testsuite>
  <testsuite name="Automated Scenario Tests / Validation - Out Of Range / VO-03 - MeterSum invalid Month 13" id="a5bf5f69-a28b-4a16-830c-c7cf2cd57f8c" timestamp="2026-05-05T05:15:04.937Z" tests="3" failures="0" errors="0" time="0.002">
    <testcase name="VO-03 - request completed and returned a response code" time="0.002" classname="AutomatedScenarioTestsValidationOutOfRangeVo03MeterSumInvalidMonth13"/>
    <testcase name="VO-03 - no HTTP 500 server error" time="0.002" classname="AutomatedScenarioTestsValidationOutOfRangeVo03MeterSumInvalidMonth13"/>
    <testcase name="VO-03 - controlled validation response" time="0.002" classname="AutomatedScenarioTestsValidationOutOfRangeVo03MeterSumInvalidMonth13"/>
  </testsuite>
  <testsuite name="Automated Scenario Tests / Validation - Out Of Range / VO-04 - MeterDetail unreasonably large past" id="59c816e6-c51c-4821-b544-1b8bf56a1eff" timestamp="2026-05-05T05:15:04.937Z" tests="3" failures="0" errors="0" time="0.002">
    <testcase name="VO-04 - request completed and returned a response code" time="0.002" classname="AutomatedScenarioTestsValidationOutOfRangeVo04MeterDetailUnreasonablyLargePast"/>
    <testcase name="VO-04 - no HTTP 500 server error" time="0.002" classname="AutomatedScenarioTestsValidationOutOfRangeVo04MeterDetailUnreasonablyLargePast"/>
    <testcase name="VO-04 - controlled validation response" time="0.002" classname="AutomatedScenarioTestsValidationOutOfRangeVo04MeterDetailUnreasonablyLargePast"/>
  </testsuite>
  <testsuite name="Automated Scenario Tests / Validation - Invalid Format / VF-01 - MeterSum malformed week DataSelect" id="e56ca806-fe7a-4eea-8c34-010d4830f2db" timestamp="2026-05-05T05:15:04.937Z" tests="3" failures="0" errors="0" time="0.003">
    <testcase name="VF-01 - request completed and returned a response code" time="0.003" classname="AutomatedScenarioTestsValidationInvalidFormatVf01MeterSumMalformedWeekDataSelect"/>
    <testcase name="VF-01 - no HTTP 500 server error" time="0.003" classname="AutomatedScenarioTestsValidationInvalidFormatVf01MeterSumMalformedWeekDataSelect"/>
    <testcase name="VF-01 - controlled validation response" time="0.003" classname="AutomatedScenarioTestsValidationInvalidFormatVf01MeterSumMalformedWeekDataSelect"/>
  </testsuite>
  <testsuite name="Automated Scenario Tests / Validation - Invalid Format / VF-02 - Multimeter malformed Max10Year DataSelect" id="e1f219f2-098e-4ba9-88bc-8a36b086200d" timestamp="2026-05-05T05:15:04.937Z" tests="3" failures="0" errors="0" time="0.002">
    <testcase name="VF-02 - request completed and returned a response code" time="0.002" classname="AutomatedScenarioTestsValidationInvalidFormatVf02MultimeterMalformedMax10YearDataSelect"/>
    <testcase name="VF-02 - no HTTP 500 server error" time="0.002" classname="AutomatedScenarioTestsValidationInvalidFormatVf02MultimeterMalformedMax10YearDataSelect"/>
    <testcase name="VF-02 - controlled validation response" time="0.002" classname="AutomatedScenarioTestsValidationInvalidFormatVf02MultimeterMalformedMax10YearDataSelect"/>
  </testsuite>
  <testsuite name="Automated Scenario Tests / Validation - Invalid Format / VF-03 - MeterDetail month without leading zero" id="56ddb91c-7a4d-484e-96f1-6b51cb5ad0cf" timestamp="2026-05-05T05:15:04.937Z" tests="3" failures="0" errors="0" time="0.002">
    <testcase name="VF-03 - request completed and returned a response code" time="0.002" classname="AutomatedScenarioTestsValidationInvalidFormatVf03MeterDetailMonthWithoutLeadingZero"/>
    <testcase name="VF-03 - no HTTP 500 server error" time="0.002" classname="AutomatedScenarioTestsValidationInvalidFormatVf03MeterDetailMonthWithoutLeadingZero"/>
    <testcase name="VF-03 - controlled validation response" time="0.002" classname="AutomatedScenarioTestsValidationInvalidFormatVf03MeterDetailMonthWithoutLeadingZero"/>
  </testsuite>
  <testsuite name="Automated Scenario Tests / Validation - Invalid Meter ID / VM-01 - MeterSum invalid meter ID" id="434b8a7e-4621-47af-b1b4-350d27713f3d" timestamp="2026-05-05T05:15:04.937Z" tests="3" failures="0" errors="0" time="0.017">
    <testcase name="VM-01 - request completed and returned a response code" time="0.017" classname="AutomatedScenarioTestsValidationInvalidMeterIdVm01MeterSumInvalidMeterId"/>
    <testcase name="VM-01 - no HTTP 500 server error" time="0.017" classname="AutomatedScenarioTestsValidationInvalidMeterIdVm01MeterSumInvalidMeterId"/>
    <testcase name="VM-01 - controlled validation response" time="0.017" classname="AutomatedScenarioTestsValidationInvalidMeterIdVm01MeterSumInvalidMeterId"/>
  </testsuite>
  <testsuite name="Automated Scenario Tests / Validation - Invalid Meter ID / VM-02 - Multimeter mixed valid and invalid meter IDs" id="12c8cbae-a4ce-4ae5-afd0-5229ad97fbec" timestamp="2026-05-05T05:15:04.937Z" tests="3" failures="1" errors="0" time="0.101">
    <testcase name="VM-02 - request completed and returned a response code" time="0.101" classname="AutomatedScenarioTestsValidationInvalidMeterIdVm02MultimeterMixedValidAndInvalidMeterIDs"/>
    <testcase name="VM-02 - no HTTP 500 server error" time="0.101" classname="AutomatedScenarioTestsValidationInvalidMeterIdVm02MultimeterMixedValidAndInvalidMeterIDs"/>
    <testcase name="VM-02 - controlled validation response" time="0.101" classname="AutomatedScenarioTestsValidationInvalidMeterIdVm02MultimeterMixedValidAndInvalidMeterIDs">
      <failure type="AssertionFailure" message="expected false to equal true">
        <![CDATA[Failed 1 times.]]>
        <![CDATA[Collection JSON ID: dfce42de-a7d6-48a3-adc4-d80a9f8f211b.]]>
        <![CDATA[Collection name: Unimicron Pegasus API.]]>
        <![CDATA[Request name: Automated Scenario Tests / Validation - Invalid Meter ID / VM-02 - Multimeter mixed valid and invalid meter IDs.]]>
        <![CDATA[Test description: VM-02 - controlled validation response.]]>
        <![CDATA[Error message: expected false to equal true.]]>
        <![CDATA[Stacktrace: AssertionError: expected false to equal true
   at Object.eval sandbox-script.js:3:18).]]>
      </failure>
    </testcase>
  </testsuite>
</testsuites>